[2022-01-06 10:09:02] local.ERROR: SQLSTATE[42S22]: Column not found: 1054 Unknown column 'contact' in 'field list' (SQL: select `id`, `order_id`, `vendor_id`, `amount`, `delivery_person_id`, `order_status`, `address_id`, `promocode_id`, `promocode_price`, `user_id`, `vendor_discount_price`, `delivery_charge`, `order_schedule`, `contact` from `order` where `id` = 87 limit 1) {"userId":16,"exception":"[object] (Illuminate\\Database\\QueryException(code: 42S22): SQLSTATE[42S22]: Column not found: 1054 Unknown column 'contact' in 'field list' (SQL: select `id`, `order_id`, `vendor_id`, `amount`, `delivery_person_id`, `order_status`, `address_id`, `promocode_id`, `promocode_price`, `user_id`, `vendor_discount_price`, `delivery_charge`, `order_schedule`, `contact` from `order` where `id` = 87 limit 1) at /customers/f/2/a/homchf.one/httpd.www/vendor/laravel/framework/src/Illuminate/Database/Connection.php:685)
[stacktrace]
#0 /customers/f/2/a/homchf.one/httpd.www/vendor/laravel/framework/src/Illuminate/Database/Connection.php(645): Illuminate\\Database\\Connection->runQueryCallback('select `id`, `o...', Array, Object(Closure))
#1 /customers/f/2/a/homchf.one/httpd.www/vendor/laravel/framework/src/Illuminate/Database/Connection.php(353): Illuminate\\Database\\Connection->run('select `id`, `o...', Array, Object(Closure))
#2 /customers/f/2/a/homchf.one/httpd.www/vendor/laravel/framework/src/Illuminate/Database/Query/Builder.php(2351): Illuminate\\Database\\Connection->select('select `id`, `o...', Array, true)
#3 /customers/f/2/a/homchf.one/httpd.www/vendor/laravel/framework/src/Illuminate/Database/Query/Builder.php(2339): Illuminate\\Database\\Query\\Builder->runSelect()
#4 /customers/f/2/a/homchf.one/httpd.www/vendor/laravel/framework/src/Illuminate/Database/Query/Builder.php(2905): Illuminate\\Database\\Query\\Builder->Illuminate\\Database\\Query\\{closure}()
#5 /customers/f/2/a/homchf.one/httpd.www/vendor/laravel/framework/src/Illuminate/Database/Query/Builder.php(2340): Illuminate\\Database\\Query\\Builder->onceWithColumns(Array, Object(Closure))
#6 /customers/f/2/a/homchf.one/httpd.www/vendor/laravel/framework/src/Illuminate/Database/Eloquent/Builder.php(604): Illuminate\\Database\\Query\\Builder->get(Array)
#7 /customers/f/2/a/homchf.one/httpd.www/vendor/laravel/framework/src/Illuminate/Database/Eloquent/Builder.php(588): Illuminate\\Database\\Eloquent\\Builder->getModels(Array)
#8 /customers/f/2/a/homchf.one/httpd.www/vendor/laravel/framework/src/Illuminate/Database/Concerns/BuildsQueries.php(257): Illuminate\\Database\\Eloquent\\Builder->get(Array)
#9 /customers/f/2/a/homchf.one/httpd.www/app/Http/Controllers/UserApiController.php(1034): Illuminate\\Database\\Eloquent\\Builder->first(Array)
#10 /customers/f/2/a/homchf.one/httpd.www/vendor/laravel/framework/src/Illuminate/Routing/Controller.php(54): App\\Http\\Controllers\\UserApiController->apiSingleOrder('87')
#11 /customers/f/2/a/homchf.one/httpd.www/vendor/laravel/framework/src/Illuminate/Routing/ControllerDispatcher.php(45): Illuminate\\Routing\\Controller->callAction('apiSingleOrder', Array)
#12 /customers/f/2/a/homchf.one/httpd.www/vendor/laravel/framework/src/Illuminate/Routing/Route.php(254): Illuminate\\Routing\\ControllerDispatcher->dispatch(Object(Illuminate\\Routing\\Route), Object(App\\Http\\Controllers\\UserApiController), 'apiSingleOrder')
#13 /customers/f/2/a/homchf.one/httpd.www/vendor/laravel/framework/src/Illuminate/Routing/Route.php(197): Illuminate\\Routing\\Route->runController()
#14 /customers/f/2/a/homchf.one/httpd.www/vendor/laravel/framework/src/Illuminate/Routing/Router.php(695): Illuminate\\Routing\\Route->run()
#15 /customers/f/2/a/homchf.one/httpd.www/vendor/laravel/framework/src/Illuminate/Pipeline/Pipeline.php(128): Illuminate\\Routing\\Router->Illuminate\\Routing\\{closure}(Object(Illuminate\\Http\\Request))
#16 /customers/f/2/a/homchf.one/httpd.www/vendor/laravel/framework/src/Illuminate/Routing/Middleware/SubstituteBindings.php(50): Illuminate\\Pipeline\\Pipeline->Illuminate\\Pipeline\\{closure}(Object(Illuminate\\Http\\Request))
#17 /customers/f/2/a/homchf.one/httpd.www/vendor/laravel/framework/src/Illuminate/Pipeline/Pipeline.php(167): Illuminate\\Routing\\Middleware\\SubstituteBindings->handle(Object(Illuminate\\Http\\Request), Object(Closure))
#18 /customers/f/2/a/homchf.one/httpd.www/vendor/laravel/framework/src/Illuminate/Auth/Middleware/Authenticate.php(44): Illuminate\\Pipeline\\Pipeline->Illuminate\\Pipeline\\{closure}(Object(Illuminate\\Http\\Request))
#19 /customers/f/2/a/homchf.one/httpd.www/vendor/laravel/framework/src/Illuminate/Pipeline/Pipeline.php(167): Illuminate\\Auth\\Middleware\\Authenticate->handle(Object(Illuminate\\Http\\Request), Object(Closure), 'api')
#20 /customers/f/2/a/homchf.one/httpd.www/vendor/laravel/framework/src/Illuminate/Pipeline/Pipeline.php(103): Illuminate\\Pipeline\\Pipeline->Illuminate\\Pipeline\\{closure}(Object(Illuminate\\Http\\Request))
#21 /customers/f/2/a/homchf.one/httpd.www/vendor/laravel/framework/src/Illuminate/Routing/Router.php(697): Illuminate\\Pipeline\\Pipeline->then(Object(Closure))
#22 /customers/f/2/a/homchf.one/httpd.www/vendor/laravel/framework/src/Illuminate/Routing/Router.php(672): Illuminate\\Routing\\Router->runRouteWithinStack(Object(Illuminate\\Routing\\Route), Object(Illuminate\\Http\\Request))
#23 /customers/f/2/a/homchf.one/httpd.www/vendor/laravel/framework/src/Illuminate/Routing/Router.php(636): Illuminate\\Routing\\Router->runRoute(Object(Illuminate\\Http\\Request), Object(Illuminate\\Routing\\Route))
#24 /customers/f/2/a/homchf.one/httpd.www/vendor/laravel/framework/src/Illuminate/Routing/Router.php(625): Illuminate\\Routing\\Router->dispatchToRoute(Object(Illuminate\\Http\\Request))
#25 /customers/f/2/a/homchf.one/httpd.www/vendor/laravel/framework/src/Illuminate/Foundation/Http/Kernel.php(166): Illuminate\\Routing\\Router->dispatch(Object(Illuminate\\Http\\Request))
#26 /customers/f/2/a/homchf.one/httpd.www/vendor/laravel/framework/src/Illuminate/Pipeline/Pipeline.php(128): Illuminate\\Foundation\\Http\\Kernel->Illuminate\\Foundation\\Http\\{closure}(Object(Illuminate\\Http\\Request))
#27 /customers/f/2/a/homchf.one/httpd.www/vendor/laravel/framework/src/Illuminate/Foundation/Http/Middleware/TransformsRequest.php(21): Illuminate\\Pipeline\\Pipeline->Illuminate\\Pipeline\\{closure}(Object(Illuminate\\Http\\Request))
#28 /customers/f/2/a/homchf.one/httpd.www/vendor/laravel/framework/src/Illuminate/Foundation/Http/Middleware/ConvertEmptyStringsToNull.php(31): Illuminate\\Foundation\\Http\\Middleware\\TransformsRequest->handle(Object(Illuminate\\Http\\Request), Object(Closure))
#29 /customers/f/2/a/homchf.one/httpd.www/vendor/laravel/framework/src/Illuminate/Pipeline/Pipeline.php(167): Illuminate\\Foundation\\Http\\Middleware\\ConvertEmptyStringsToNull->handle(Object(Illuminate\\Http\\Request), Object(Closure))
#30 /customers/f/2/a/homchf.one/httpd.www/vendor/laravel/framework/src/Illuminate/Foundation/Http/Middleware/TransformsRequest.php(21): Illuminate\\Pipeline\\Pipeline->Illuminate\\Pipeline\\{closure}(Object(Illuminate\\Http\\Request))
#31 /customers/f/2/a/homchf.one/httpd.www/vendor/laravel/framework/src/Illuminate/Foundation/Http/Middleware/TrimStrings.php(40): Illuminate\\Foundation\\Http\\Middleware\\TransformsRequest->handle(Object(Illuminate\\Http\\Request), Object(Closure))
#32 /customers/f/2/a/homchf.one/httpd.www/vendor/laravel/framework/src/Illuminate/Pipeline/Pipeline.php(167): Illuminate\\Foundation\\Http\\Middleware\\TrimStrings->handle(Object(Illuminate\\Http\\Request), Object(Closure))
#33 /customers/f/2/a/homchf.one/httpd.www/vendor/laravel/framework/src/Illuminate/Foundation/Http/Middleware/ValidatePostSize.php(27): Illuminate\\Pipeline\\Pipeline->Illuminate\\Pipeline\\{closure}(Object(Illuminate\\Http\\Request))
#34 /customers/f/2/a/homchf.one/httpd.www/vendor/laravel/framework/src/Illuminate/Pipeline/Pipeline.php(167): Illuminate\\Foundation\\Http\\Middleware\\ValidatePostSize->handle(Object(Illuminate\\Http\\Request), Object(Closure))
#35 /customers/f/2/a/homchf.one/httpd.www/vendor/laravel/framework/src/Illuminate/Foundation/Http/Middleware/PreventRequestsDuringMaintenance.php(86): Illuminate\\Pipeline\\Pipeline->Illuminate\\Pipeline\\{closure}(Object(Illuminate\\Http\\Request))
#36 /customers/f/2/a/homchf.one/httpd.www/vendor/laravel/framework/src/Illuminate/Pipeline/Pipeline.php(167): Illuminate\\Foundation\\Http\\Middleware\\PreventRequestsDuringMaintenance->handle(Object(Illuminate\\Http\\Request), Object(Closure))
#37 /customers/f/2/a/homchf.one/httpd.www/vendor/fruitcake/laravel-cors/src/HandleCors.php(52): Illuminate\\Pipeline\\Pipeline->Illuminate\\Pipeline\\{closure}(Object(Illuminate\\Http\\Request))
#38 /customers/f/2/a/homchf.one/httpd.www/vendor/laravel/framework/src/Illuminate/Pipeline/Pipeline.php(167): Fruitcake\\Cors\\HandleCors->handle(Object(Illuminate\\Http\\Request), Object(Closure))
#39 /customers/f/2/a/homchf.one/httpd.www/vendor/fideloper/proxy/src/TrustProxies.php(57): Illuminate\\Pipeline\\Pipeline->Illuminate\\Pipeline\\{closure}(Object(Illuminate\\Http\\Request))
#40 /customers/f/2/a/homchf.one/httpd.www/vendor/laravel/framework/src/Illuminate/Pipeline/Pipeline.php(167): Fideloper\\Proxy\\TrustProxies->handle(Object(Illuminate\\Http\\Request), Object(Closure))
#41 /customers/f/2/a/homchf.one/httpd.www/vendor/laravel/framework/src/Illuminate/Pipeline/Pipeline.php(103): Illuminate\\Pipeline\\Pipeline->Illuminate\\Pipeline\\{closure}(Object(Illuminate\\Http\\Request))
#42 /customers/f/2/a/homchf.one/httpd.www/vendor/laravel/framework/src/Illuminate/Foundation/Http/Kernel.php(141): Illuminate\\Pipeline\\Pipeline->then(Object(Closure))
#43 /customers/f/2/a/homchf.one/httpd.www/vendor/laravel/framework/src/Illuminate/Foundation/Http/Kernel.php(110): Illuminate\\Foundation\\Http\\Kernel->sendRequestThroughRouter(Object(Illuminate\\Http\\Request))
#44 /customers/f/2/a/homchf.one/httpd.www/public/index.php(52): Illuminate\\Foundation\\Http\\Kernel->handle(Object(Illuminate\\Http\\Request))
#45 {main}

[previous exception] [object] (PDOException(code: 42S22): SQLSTATE[42S22]: Column not found: 1054 Unknown column 'contact' in 'field list' at /customers/f/2/a/homchf.one/httpd.www/vendor/laravel/framework/src/Illuminate/Database/Connection.php:345)
[stacktrace]
#0 /customers/f/2/a/homchf.one/httpd.www/vendor/laravel/framework/src/Illuminate/Database/Connection.php(345): PDO->prepare('select `id`, `o...')
#1 /customers/f/2/a/homchf.one/httpd.www/vendor/laravel/framework/src/Illuminate/Database/Connection.php(678): Illuminate\\Database\\Connection->Illuminate\\Database\\{closure}('select `id`, `o...', Array)
#2 /customers/f/2/a/homchf.one/httpd.www/vendor/laravel/framework/src/Illuminate/Database/Connection.php(645): Illuminate\\Database\\Connection->runQueryCallback('select `id`, `o...', Array, Object(Closure))
#3 /customers/f/2/a/homchf.one/httpd.www/vendor/laravel/framework/src/Illuminate/Database/Connection.php(353): Illuminate\\Database\\Connection->run('select `id`, `o...', Array, Object(Closure))
#4 /customers/f/2/a/homchf.one/httpd.www/vendor/laravel/framework/src/Illuminate/Database/Query/Builder.php(2351): Illuminate\\Database\\Connection->select('select `id`, `o...', Array, true)
#5 /customers/f/2/a/homchf.one/httpd.www/vendor/laravel/framework/src/Illuminate/Database/Query/Builder.php(2339): Illuminate\\Database\\Query\\Builder->runSelect()
#6 /customers/f/2/a/homchf.one/httpd.www/vendor/laravel/framework/src/Illuminate/Database/Query/Builder.php(2905): Illuminate\\Database\\Query\\Builder->Illuminate\\Database\\Query\\{closure}()
#7 /customers/f/2/a/homchf.one/httpd.www/vendor/laravel/framework/src/Illuminate/Database/Query/Builder.php(2340): Illuminate\\Database\\Query\\Builder->onceWithColumns(Array, Object(Closure))
#8 /customers/f/2/a/homchf.one/httpd.www/vendor/laravel/framework/src/Illuminate/Database/Eloquent/Builder.php(604): Illuminate\\Database\\Query\\Builder->get(Array)
#9 /customers/f/2/a/homchf.one/httpd.www/vendor/laravel/framework/src/Illuminate/Database/Eloquent/Builder.php(588): Illuminate\\Database\\Eloquent\\Builder->getModels(Array)
#10 /customers/f/2/a/homchf.one/httpd.www/vendor/laravel/framework/src/Illuminate/Database/Concerns/BuildsQueries.php(257): Illuminate\\Database\\Eloquent\\Builder->get(Array)
#11 /customers/f/2/a/homchf.one/httpd.www/app/Http/Controllers/UserApiController.php(1034): Illuminate\\Database\\Eloquent\\Builder->first(Array)
#12 /customers/f/2/a/homchf.one/httpd.www/vendor/laravel/framework/src/Illuminate/Routing/Controller.php(54): App\\Http\\Controllers\\UserApiController->apiSingleOrder('87')
#13 /customers/f/2/a/homchf.one/httpd.www/vendor/laravel/framework/src/Illuminate/Routing/ControllerDispatcher.php(45): Illuminate\\Routing\\Controller->callAction('apiSingleOrder', Array)
#14 /customers/f/2/a/homchf.one/httpd.www/vendor/laravel/framework/src/Illuminate/Routing/Route.php(254): Illuminate\\Routing\\ControllerDispatcher->dispatch(Object(Illuminate\\Routing\\Route), Object(App\\Http\\Controllers\\UserApiController), 'apiSingleOrder')
#15 /customers/f/2/a/homchf.one/httpd.www/vendor/laravel/framework/src/Illuminate/Routing/Route.php(197): Illuminate\\Routing\\Route->runController()
#16 /customers/f/2/a/homchf.one/httpd.www/vendor/laravel/framework/src/Illuminate/Routing/Router.php(695): Illuminate\\Routing\\Route->run()
#17 /customers/f/2/a/homchf.one/httpd.www/vendor/laravel/framework/src/Illuminate/Pipeline/Pipeline.php(128): Illuminate\\Routing\\Router->Illuminate\\Routing\\{closure}(Object(Illuminate\\Http\\Request))
#18 /customers/f/2/a/homchf.one/httpd.www/vendor/laravel/framework/src/Illuminate/Routing/Middleware/SubstituteBindings.php(50): Illuminate\\Pipeline\\Pipeline->Illuminate\\Pipeline\\{closure}(Object(Illuminate\\Http\\Request))
#19 /customers/f/2/a/homchf.one/httpd.www/vendor/laravel/framework/src/Illuminate/Pipeline/Pipeline.php(167): Illuminate\\Routing\\Middleware\\SubstituteBindings->handle(Object(Illuminate\\Http\\Request), Object(Closure))
#20 /customers/f/2/a/homchf.one/httpd.www/vendor/laravel/framework/src/Illuminate/Auth/Middleware/Authenticate.php(44): Illuminate\\Pipeline\\Pipeline->Illuminate\\Pipeline\\{closure}(Object(Illuminate\\Http\\Request))
#21 /customers/f/2/a/homchf.one/httpd.www/vendor/laravel/framework/src/Illuminate/Pipeline/Pipeline.php(167): Illuminate\\Auth\\Middleware\\Authenticate->handle(Object(Illuminate\\Http\\Request), Object(Closure), 'api')
#22 /customers/f/2/a/homchf.one/httpd.www/vendor/laravel/framework/src/Illuminate/Pipeline/Pipeline.php(103): Illuminate\\Pipeline\\Pipeline->Illuminate\\Pipeline\\{closure}(Object(Illuminate\\Http\\Request))
#23 /customers/f/2/a/homchf.one/httpd.www/vendor/laravel/framework/src/Illuminate/Routing/Router.php(697): Illuminate\\Pipeline\\Pipeline->then(Object(Closure))
#24 /customers/f/2/a/homchf.one/httpd.www/vendor/laravel/framework/src/Illuminate/Routing/Router.php(672): Illuminate\\Routing\\Router->runRouteWithinStack(Object(Illuminate\\Routing\\Route), Object(Illuminate\\Http\\Request))
#25 /customers/f/2/a/homchf.one/httpd.www/vendor/laravel/framework/src/Illuminate/Routing/Router.php(636): Illuminate\\Routing\\Router->runRoute(Object(Illuminate\\Http\\Request), Object(Illuminate\\Routing\\Route))
#26 /customers/f/2/a/homchf.one/httpd.www/vendor/laravel/framework/src/Illuminate/Routing/Router.php(625): Illuminate\\Routing\\Router->dispatchToRoute(Object(Illuminate\\Http\\Request))
#27 /customers/f/2/a/homchf.one/httpd.www/vendor/laravel/framework/src/Illuminate/Foundation/Http/Kernel.php(166): Illuminate\\Routing\\Router->dispatch(Object(Illuminate\\Http\\Request))
#28 /customers/f/2/a/homchf.one/httpd.www/vendor/laravel/framework/src/Illuminate/Pipeline/Pipeline.php(128): Illuminate\\Foundation\\Http\\Kernel->Illuminate\\Foundation\\Http\\{closure}(Object(Illuminate\\Http\\Request))
#29 /customers/f/2/a/homchf.one/httpd.www/vendor/laravel/framework/src/Illuminate/Foundation/Http/Middleware/TransformsRequest.php(21): Illuminate\\Pipeline\\Pipeline->Illuminate\\Pipeline\\{closure}(Object(Illuminate\\Http\\Request))
#30 /customers/f/2/a/homchf.one/httpd.www/vendor/laravel/framework/src/Illuminate/Foundation/Http/Middleware/ConvertEmptyStringsToNull.php(31): Illuminate\\Foundation\\Http\\Middleware\\TransformsRequest->handle(Object(Illuminate\\Http\\Request), Object(Closure))
#31 /customers/f/2/a/homchf.one/httpd.www/vendor/laravel/framework/src/Illuminate/Pipeline/Pipeline.php(167): Illuminate\\Foundation\\Http\\Middleware\\ConvertEmptyStringsToNull->handle(Object(Illuminate\\Http\\Request), Object(Closure))
#32 /customers/f/2/a/homchf.one/httpd.www/vendor/laravel/framework/src/Illuminate/Foundation/Http/Middleware/TransformsRequest.php(21): Illuminate\\Pipeline\\Pipeline->Illuminate\\Pipeline\\{closure}(Object(Illuminate\\Http\\Request))
#33 /customers/f/2/a/homchf.one/httpd.www/vendor/laravel/framework/src/Illuminate/Foundation/Http/Middleware/TrimStrings.php(40): Illuminate\\Foundation\\Http\\Middleware\\TransformsRequest->handle(Object(Illuminate\\Http\\Request), Object(Closure))
#34 /customers/f/2/a/homchf.one/httpd.www/vendor/laravel/framework/src/Illuminate/Pipeline/Pipeline.php(167): Illuminate\\Foundation\\Http\\Middleware\\TrimStrings->handle(Object(Illuminate\\Http\\Request), Object(Closure))
#35 /customers/f/2/a/homchf.one/httpd.www/vendor/laravel/framework/src/Illuminate/Foundation/Http/Middleware/ValidatePostSize.php(27): Illuminate\\Pipeline\\Pipeline->Illuminate\\Pipeline\\{closure}(Object(Illuminate\\Http\\Request))
#36 /customers/f/2/a/homchf.one/httpd.www/vendor/laravel/framework/src/Illuminate/Pipeline/Pipeline.php(167): Illuminate\\Foundation\\Http\\Middleware\\ValidatePostSize->handle(Object(Illuminate\\Http\\Request), Object(Closure))
#37 /customers/f/2/a/homchf.one/httpd.www/vendor/laravel/framework/src/Illuminate/Foundation/Http/Middleware/PreventRequestsDuringMaintenance.php(86): Illuminate\\Pipeline\\Pipeline->Illuminate\\Pipeline\\{closure}(Object(Illuminate\\Http\\Request))
#38 /customers/f/2/a/homchf.one/httpd.www/vendor/laravel/framework/src/Illuminate/Pipeline/Pipeline.php(167): Illuminate\\Foundation\\Http\\Middleware\\PreventRequestsDuringMaintenance->handle(Object(Illuminate\\Http\\Request), Object(Closure))
#39 /customers/f/2/a/homchf.one/httpd.www/vendor/fruitcake/laravel-cors/src/HandleCors.php(52): Illuminate\\Pipeline\\Pipeline->Illuminate\\Pipeline\\{closure}(Object(Illuminate\\Http\\Request))
#40 /customers/f/2/a/homchf.one/httpd.www/vendor/laravel/framework/src/Illuminate/Pipeline/Pipeline.php(167): Fruitcake\\Cors\\HandleCors->handle(Object(Illuminate\\Http\\Request), Object(Closure))
#41 /customers/f/2/a/homchf.one/httpd.www/vendor/fideloper/proxy/src/TrustProxies.php(57): Illuminate\\Pipeline\\Pipeline->Illuminate\\Pipeline\\{closure}(Object(Illuminate\\Http\\Request))
#42 /customers/f/2/a/homchf.one/httpd.www/vendor/laravel/framework/src/Illuminate/Pipeline/Pipeline.php(167): Fideloper\\Proxy\\TrustProxies->handle(Object(Illuminate\\Http\\Request), Object(Closure))
#43 /customers/f/2/a/homchf.one/httpd.www/vendor/laravel/framework/src/Illuminate/Pipeline/Pipeline.php(103): Illuminate\\Pipeline\\Pipeline->Illuminate\\Pipeline\\{closure}(Object(Illuminate\\Http\\Request))
#44 /customers/f/2/a/homchf.one/httpd.www/vendor/laravel/framework/src/Illuminate/Foundation/Http/Kernel.php(141): Illuminate\\Pipeline\\Pipeline->then(Object(Closure))
#45 /customers/f/2/a/homchf.one/httpd.www/vendor/laravel/framework/src/Illuminate/Foundation/Http/Kernel.php(110): Illuminate\\Foundation\\Http\\Kernel->sendRequestThroughRouter(Object(Illuminate\\Http\\Request))
#46 /customers/f/2/a/homchf.one/httpd.www/public/index.php(52): Illuminate\\Foundation\\Http\\Kernel->handle(Object(Illuminate\\Http\\Request))
#47 {main}
"} 
[2022-01-06 10:09:14] local.ERROR: SQLSTATE[42S22]: Column not found: 1054 Unknown column 'contact' in 'field list' (SQL: select `id`, `order_id`, `vendor_id`, `amount`, `delivery_person_id`, `order_status`, `address_id`, `promocode_id`, `promocode_price`, `user_id`, `vendor_discount_price`, `delivery_charge`, `order_schedule`, `contact` from `order` where `id` = 86 limit 1) {"userId":16,"exception":"[object] (Illuminate\\Database\\QueryException(code: 42S22): SQLSTATE[42S22]: Column not found: 1054 Unknown column 'contact' in 'field list' (SQL: select `id`, `order_id`, `vendor_id`, `amount`, `delivery_person_id`, `order_status`, `address_id`, `promocode_id`, `promocode_price`, `user_id`, `vendor_discount_price`, `delivery_charge`, `order_schedule`, `contact` from `order` where `id` = 86 limit 1) at /customers/f/2/a/homchf.one/httpd.www/vendor/laravel/framework/src/Illuminate/Database/Connection.php:685)
[stacktrace]
#0 /customers/f/2/a/homchf.one/httpd.www/vendor/laravel/framework/src/Illuminate/Database/Connection.php(645): Illuminate\\Database\\Connection->runQueryCallback('select `id`, `o...', Array, Object(Closure))
#1 /customers/f/2/a/homchf.one/httpd.www/vendor/laravel/framework/src/Illuminate/Database/Connection.php(353): Illuminate\\Database\\Connection->run('select `id`, `o...', Array, Object(Closure))
#2 /customers/f/2/a/homchf.one/httpd.www/vendor/laravel/framework/src/Illuminate/Database/Query/Builder.php(2351): Illuminate\\Database\\Connection->select('select `id`, `o...', Array, true)
#3 /customers/f/2/a/homchf.one/httpd.www/vendor/laravel/framework/src/Illuminate/Database/Query/Builder.php(2339): Illuminate\\Database\\Query\\Builder->runSelect()
#4 /customers/f/2/a/homchf.one/httpd.www/vendor/laravel/framework/src/Illuminate/Database/Query/Builder.php(2905): Illuminate\\Database\\Query\\Builder->Illuminate\\Database\\Query\\{closure}()
#5 /customers/f/2/a/homchf.one/httpd.www/vendor/laravel/framework/src/Illuminate/Database/Query/Builder.php(2340): Illuminate\\Database\\Query\\Builder->onceWithColumns(Array, Object(Closure))
#6 /customers/f/2/a/homchf.one/httpd.www/vendor/laravel/framework/src/Illuminate/Database/Eloquent/Builder.php(604): Illuminate\\Database\\Query\\Builder->get(Array)
#7 /customers/f/2/a/homchf.one/httpd.www/vendor/laravel/framework/src/Illuminate/Database/Eloquent/Builder.php(588): Illuminate\\Database\\Eloquent\\Builder->getModels(Array)
#8 /customers/f/2/a/homchf.one/httpd.www/vendor/laravel/framework/src/Illuminate/Database/Concerns/BuildsQueries.php(257): Illuminate\\Database\\Eloquent\\Builder->get(Array)
#9 /customers/f/2/a/homchf.one/httpd.www/app/Http/Controllers/UserApiController.php(1034): Illuminate\\Database\\Eloquent\\Builder->first(Array)
#10 /customers/f/2/a/homchf.one/httpd.www/vendor/laravel/framework/src/Illuminate/Routing/Controller.php(54): App\\Http\\Controllers\\UserApiController->apiSingleOrder('86')
#11 /customers/f/2/a/homchf.one/httpd.www/vendor/laravel/framework/src/Illuminate/Routing/ControllerDispatcher.php(45): Illuminate\\Routing\\Controller->callAction('apiSingleOrder', Array)
#12 /customers/f/2/a/homchf.one/httpd.www/vendor/laravel/framework/src/Illuminate/Routing/Route.php(254): Illuminate\\Routing\\ControllerDispatcher->dispatch(Object(Illuminate\\Routing\\Route), Object(App\\Http\\Controllers\\UserApiController), 'apiSingleOrder')
#13 /customers/f/2/a/homchf.one/httpd.www/vendor/laravel/framework/src/Illuminate/Routing/Route.php(197): Illuminate\\Routing\\Route->runController()
#14 /customers/f/2/a/homchf.one/httpd.www/vendor/laravel/framework/src/Illuminate/Routing/Router.php(695): Illuminate\\Routing\\Route->run()
#15 /customers/f/2/a/homchf.one/httpd.www/vendor/laravel/framework/src/Illuminate/Pipeline/Pipeline.php(128): Illuminate\\Routing\\Router->Illuminate\\Routing\\{closure}(Object(Illuminate\\Http\\Request))
#16 /customers/f/2/a/homchf.one/httpd.www/vendor/laravel/framework/src/Illuminate/Routing/Middleware/SubstituteBindings.php(50): Illuminate\\Pipeline\\Pipeline->Illuminate\\Pipeline\\{closure}(Object(Illuminate\\Http\\Request))
#17 /customers/f/2/a/homchf.one/httpd.www/vendor/laravel/framework/src/Illuminate/Pipeline/Pipeline.php(167): Illuminate\\Routing\\Middleware\\SubstituteBindings->handle(Object(Illuminate\\Http\\Request), Object(Closure))
#18 /customers/f/2/a/homchf.one/httpd.www/vendor/laravel/framework/src/Illuminate/Auth/Middleware/Authenticate.php(44): Illuminate\\Pipeline\\Pipeline->Illuminate\\Pipeline\\{closure}(Object(Illuminate\\Http\\Request))
#19 /customers/f/2/a/homchf.one/httpd.www/vendor/laravel/framework/src/Illuminate/Pipeline/Pipeline.php(167): Illuminate\\Auth\\Middleware\\Authenticate->handle(Object(Illuminate\\Http\\Request), Object(Closure), 'api')
#20 /customers/f/2/a/homchf.one/httpd.www/vendor/laravel/framework/src/Illuminate/Pipeline/Pipeline.php(103): Illuminate\\Pipeline\\Pipeline->Illuminate\\Pipeline\\{closure}(Object(Illuminate\\Http\\Request))
#21 /customers/f/2/a/homchf.one/httpd.www/vendor/laravel/framework/src/Illuminate/Routing/Router.php(697): Illuminate\\Pipeline\\Pipeline->then(Object(Closure))
#22 /customers/f/2/a/homchf.one/httpd.www/vendor/laravel/framework/src/Illuminate/Routing/Router.php(672): Illuminate\\Routing\\Router->runRouteWithinStack(Object(Illuminate\\Routing\\Route), Object(Illuminate\\Http\\Request))
#23 /customers/f/2/a/homchf.one/httpd.www/vendor/laravel/framework/src/Illuminate/Routing/Router.php(636): Illuminate\\Routing\\Router->runRoute(Object(Illuminate\\Http\\Request), Object(Illuminate\\Routing\\Route))
#24 /customers/f/2/a/homchf.one/httpd.www/vendor/laravel/framework/src/Illuminate/Routing/Router.php(625): Illuminate\\Routing\\Router->dispatchToRoute(Object(Illuminate\\Http\\Request))
#25 /customers/f/2/a/homchf.one/httpd.www/vendor/laravel/framework/src/Illuminate/Foundation/Http/Kernel.php(166): Illuminate\\Routing\\Router->dispatch(Object(Illuminate\\Http\\Request))
#26 /customers/f/2/a/homchf.one/httpd.www/vendor/laravel/framework/src/Illuminate/Pipeline/Pipeline.php(128): Illuminate\\Foundation\\Http\\Kernel->Illuminate\\Foundation\\Http\\{closure}(Object(Illuminate\\Http\\Request))
#27 /customers/f/2/a/homchf.one/httpd.www/vendor/laravel/framework/src/Illuminate/Foundation/Http/Middleware/TransformsRequest.php(21): Illuminate\\Pipeline\\Pipeline->Illuminate\\Pipeline\\{closure}(Object(Illuminate\\Http\\Request))
#28 /customers/f/2/a/homchf.one/httpd.www/vendor/laravel/framework/src/Illuminate/Foundation/Http/Middleware/ConvertEmptyStringsToNull.php(31): Illuminate\\Foundation\\Http\\Middleware\\TransformsRequest->handle(Object(Illuminate\\Http\\Request), Object(Closure))
#29 /customers/f/2/a/homchf.one/httpd.www/vendor/laravel/framework/src/Illuminate/Pipeline/Pipeline.php(167): Illuminate\\Foundation\\Http\\Middleware\\ConvertEmptyStringsToNull->handle(Object(Illuminate\\Http\\Request), Object(Closure))
#30 /customers/f/2/a/homchf.one/httpd.www/vendor/laravel/framework/src/Illuminate/Foundation/Http/Middleware/TransformsRequest.php(21): Illuminate\\Pipeline\\Pipeline->Illuminate\\Pipeline\\{closure}(Object(Illuminate\\Http\\Request))
#31 /customers/f/2/a/homchf.one/httpd.www/vendor/laravel/framework/src/Illuminate/Foundation/Http/Middleware/TrimStrings.php(40): Illuminate\\Foundation\\Http\\Middleware\\TransformsRequest->handle(Object(Illuminate\\Http\\Request), Object(Closure))
#32 /customers/f/2/a/homchf.one/httpd.www/vendor/laravel/framework/src/Illuminate/Pipeline/Pipeline.php(167): Illuminate\\Foundation\\Http\\Middleware\\TrimStrings->handle(Object(Illuminate\\Http\\Request), Object(Closure))
#33 /customers/f/2/a/homchf.one/httpd.www/vendor/laravel/framework/src/Illuminate/Foundation/Http/Middleware/ValidatePostSize.php(27): Illuminate\\Pipeline\\Pipeline->Illuminate\\Pipeline\\{closure}(Object(Illuminate\\Http\\Request))
#34 /customers/f/2/a/homchf.one/httpd.www/vendor/laravel/framework/src/Illuminate/Pipeline/Pipeline.php(167): Illuminate\\Foundation\\Http\\Middleware\\ValidatePostSize->handle(Object(Illuminate\\Http\\Request), Object(Closure))
#35 /customers/f/2/a/homchf.one/httpd.www/vendor/laravel/framework/src/Illuminate/Foundation/Http/Middleware/PreventRequestsDuringMaintenance.php(86): Illuminate\\Pipeline\\Pipeline->Illuminate\\Pipeline\\{closure}(Object(Illuminate\\Http\\Request))
#36 /customers/f/2/a/homchf.one/httpd.www/vendor/laravel/framework/src/Illuminate/Pipeline/Pipeline.php(167): Illuminate\\Foundation\\Http\\Middleware\\PreventRequestsDuringMaintenance->handle(Object(Illuminate\\Http\\Request), Object(Closure))
#37 /customers/f/2/a/homchf.one/httpd.www/vendor/fruitcake/laravel-cors/src/HandleCors.php(52): Illuminate\\Pipeline\\Pipeline->Illuminate\\Pipeline\\{closure}(Object(Illuminate\\Http\\Request))
#38 /customers/f/2/a/homchf.one/httpd.www/vendor/laravel/framework/src/Illuminate/Pipeline/Pipeline.php(167): Fruitcake\\Cors\\HandleCors->handle(Object(Illuminate\\Http\\Request), Object(Closure))
#39 /customers/f/2/a/homchf.one/httpd.www/vendor/fideloper/proxy/src/TrustProxies.php(57): Illuminate\\Pipeline\\Pipeline->Illuminate\\Pipeline\\{closure}(Object(Illuminate\\Http\\Request))
#40 /customers/f/2/a/homchf.one/httpd.www/vendor/laravel/framework/src/Illuminate/Pipeline/Pipeline.php(167): Fideloper\\Proxy\\TrustProxies->handle(Object(Illuminate\\Http\\Request), Object(Closure))
#41 /customers/f/2/a/homchf.one/httpd.www/vendor/laravel/framework/src/Illuminate/Pipeline/Pipeline.php(103): Illuminate\\Pipeline\\Pipeline->Illuminate\\Pipeline\\{closure}(Object(Illuminate\\Http\\Request))
#42 /customers/f/2/a/homchf.one/httpd.www/vendor/laravel/framework/src/Illuminate/Foundation/Http/Kernel.php(141): Illuminate\\Pipeline\\Pipeline->then(Object(Closure))
#43 /customers/f/2/a/homchf.one/httpd.www/vendor/laravel/framework/src/Illuminate/Foundation/Http/Kernel.php(110): Illuminate\\Foundation\\Http\\Kernel->sendRequestThroughRouter(Object(Illuminate\\Http\\Request))
#44 /customers/f/2/a/homchf.one/httpd.www/public/index.php(52): Illuminate\\Foundation\\Http\\Kernel->handle(Object(Illuminate\\Http\\Request))
#45 {main}

[previous exception] [object] (PDOException(code: 42S22): SQLSTATE[42S22]: Column not found: 1054 Unknown column 'contact' in 'field list' at /customers/f/2/a/homchf.one/httpd.www/vendor/laravel/framework/src/Illuminate/Database/Connection.php:345)
[stacktrace]
#0 /customers/f/2/a/homchf.one/httpd.www/vendor/laravel/framework/src/Illuminate/Database/Connection.php(345): PDO->prepare('select `id`, `o...')
#1 /customers/f/2/a/homchf.one/httpd.www/vendor/laravel/framework/src/Illuminate/Database/Connection.php(678): Illuminate\\Database\\Connection->Illuminate\\Database\\{closure}('select `id`, `o...', Array)
#2 /customers/f/2/a/homchf.one/httpd.www/vendor/laravel/framework/src/Illuminate/Database/Connection.php(645): Illuminate\\Database\\Connection->runQueryCallback('select `id`, `o...', Array, Object(Closure))
#3 /customers/f/2/a/homchf.one/httpd.www/vendor/laravel/framework/src/Illuminate/Database/Connection.php(353): Illuminate\\Database\\Connection->run('select `id`, `o...', Array, Object(Closure))
#4 /customers/f/2/a/homchf.one/httpd.www/vendor/laravel/framework/src/Illuminate/Database/Query/Builder.php(2351): Illuminate\\Database\\Connection->select('select `id`, `o...', Array, true)
#5 /customers/f/2/a/homchf.one/httpd.www/vendor/laravel/framework/src/Illuminate/Database/Query/Builder.php(2339): Illuminate\\Database\\Query\\Builder->runSelect()
#6 /customers/f/2/a/homchf.one/httpd.www/vendor/laravel/framework/src/Illuminate/Database/Query/Builder.php(2905): Illuminate\\Database\\Query\\Builder->Illuminate\\Database\\Query\\{closure}()
#7 /customers/f/2/a/homchf.one/httpd.www/vendor/laravel/framework/src/Illuminate/Database/Query/Builder.php(2340): Illuminate\\Database\\Query\\Builder->onceWithColumns(Array, Object(Closure))
#8 /customers/f/2/a/homchf.one/httpd.www/vendor/laravel/framework/src/Illuminate/Database/Eloquent/Builder.php(604): Illuminate\\Database\\Query\\Builder->get(Array)
#9 /customers/f/2/a/homchf.one/httpd.www/vendor/laravel/framework/src/Illuminate/Database/Eloquent/Builder.php(588): Illuminate\\Database\\Eloquent\\Builder->getModels(Array)
#10 /customers/f/2/a/homchf.one/httpd.www/vendor/laravel/framework/src/Illuminate/Database/Concerns/BuildsQueries.php(257): Illuminate\\Database\\Eloquent\\Builder->get(Array)
#11 /customers/f/2/a/homchf.one/httpd.www/app/Http/Controllers/UserApiController.php(1034): Illuminate\\Database\\Eloquent\\Builder->first(Array)
#12 /customers/f/2/a/homchf.one/httpd.www/vendor/laravel/framework/src/Illuminate/Routing/Controller.php(54): App\\Http\\Controllers\\UserApiController->apiSingleOrder('86')
#13 /customers/f/2/a/homchf.one/httpd.www/vendor/laravel/framework/src/Illuminate/Routing/ControllerDispatcher.php(45): Illuminate\\Routing\\Controller->callAction('apiSingleOrder', Array)
#14 /customers/f/2/a/homchf.one/httpd.www/vendor/laravel/framework/src/Illuminate/Routing/Route.php(254): Illuminate\\Routing\\ControllerDispatcher->dispatch(Object(Illuminate\\Routing\\Route), Object(App\\Http\\Controllers\\UserApiController), 'apiSingleOrder')
#15 /customers/f/2/a/homchf.one/httpd.www/vendor/laravel/framework/src/Illuminate/Routing/Route.php(197): Illuminate\\Routing\\Route->runController()
#16 /customers/f/2/a/homchf.one/httpd.www/vendor/laravel/framework/src/Illuminate/Routing/Router.php(695): Illuminate\\Routing\\Route->run()
#17 /customers/f/2/a/homchf.one/httpd.www/vendor/laravel/framework/src/Illuminate/Pipeline/Pipeline.php(128): Illuminate\\Routing\\Router->Illuminate\\Routing\\{closure}(Object(Illuminate\\Http\\Request))
#18 /customers/f/2/a/homchf.one/httpd.www/vendor/laravel/framework/src/Illuminate/Routing/Middleware/SubstituteBindings.php(50): Illuminate\\Pipeline\\Pipeline->Illuminate\\Pipeline\\{closure}(Object(Illuminate\\Http\\Request))
#19 /customers/f/2/a/homchf.one/httpd.www/vendor/laravel/framework/src/Illuminate/Pipeline/Pipeline.php(167): Illuminate\\Routing\\Middleware\\SubstituteBindings->handle(Object(Illuminate\\Http\\Request), Object(Closure))
#20 /customers/f/2/a/homchf.one/httpd.www/vendor/laravel/framework/src/Illuminate/Auth/Middleware/Authenticate.php(44): Illuminate\\Pipeline\\Pipeline->Illuminate\\Pipeline\\{closure}(Object(Illuminate\\Http\\Request))
#21 /customers/f/2/a/homchf.one/httpd.www/vendor/laravel/framework/src/Illuminate/Pipeline/Pipeline.php(167): Illuminate\\Auth\\Middleware\\Authenticate->handle(Object(Illuminate\\Http\\Request), Object(Closure), 'api')
#22 /customers/f/2/a/homchf.one/httpd.www/vendor/laravel/framework/src/Illuminate/Pipeline/Pipeline.php(103): Illuminate\\Pipeline\\Pipeline->Illuminate\\Pipeline\\{closure}(Object(Illuminate\\Http\\Request))
#23 /customers/f/2/a/homchf.one/httpd.www/vendor/laravel/framework/src/Illuminate/Routing/Router.php(697): Illuminate\\Pipeline\\Pipeline->then(Object(Closure))
#24 /customers/f/2/a/homchf.one/httpd.www/vendor/laravel/framework/src/Illuminate/Routing/Router.php(672): Illuminate\\Routing\\Router->runRouteWithinStack(Object(Illuminate\\Routing\\Route), Object(Illuminate\\Http\\Request))
#25 /customers/f/2/a/homchf.one/httpd.www/vendor/laravel/framework/src/Illuminate/Routing/Router.php(636): Illuminate\\Routing\\Router->runRoute(Object(Illuminate\\Http\\Request), Object(Illuminate\\Routing\\Route))
#26 /customers/f/2/a/homchf.one/httpd.www/vendor/laravel/framework/src/Illuminate/Routing/Router.php(625): Illuminate\\Routing\\Router->dispatchToRoute(Object(Illuminate\\Http\\Request))
#27 /customers/f/2/a/homchf.one/httpd.www/vendor/laravel/framework/src/Illuminate/Foundation/Http/Kernel.php(166): Illuminate\\Routing\\Router->dispatch(Object(Illuminate\\Http\\Request))
#28 /customers/f/2/a/homchf.one/httpd.www/vendor/laravel/framework/src/Illuminate/Pipeline/Pipeline.php(128): Illuminate\\Foundation\\Http\\Kernel->Illuminate\\Foundation\\Http\\{closure}(Object(Illuminate\\Http\\Request))
#29 /customers/f/2/a/homchf.one/httpd.www/vendor/laravel/framework/src/Illuminate/Foundation/Http/Middleware/TransformsRequest.php(21): Illuminate\\Pipeline\\Pipeline->Illuminate\\Pipeline\\{closure}(Object(Illuminate\\Http\\Request))
#30 /customers/f/2/a/homchf.one/httpd.www/vendor/laravel/framework/src/Illuminate/Foundation/Http/Middleware/ConvertEmptyStringsToNull.php(31): Illuminate\\Foundation\\Http\\Middleware\\TransformsRequest->handle(Object(Illuminate\\Http\\Request), Object(Closure))
#31 /customers/f/2/a/homchf.one/httpd.www/vendor/laravel/framework/src/Illuminate/Pipeline/Pipeline.php(167): Illuminate\\Foundation\\Http\\Middleware\\ConvertEmptyStringsToNull->handle(Object(Illuminate\\Http\\Request), Object(Closure))
#32 /customers/f/2/a/homchf.one/httpd.www/vendor/laravel/framework/src/Illuminate/Foundation/Http/Middleware/TransformsRequest.php(21): Illuminate\\Pipeline\\Pipeline->Illuminate\\Pipeline\\{closure}(Object(Illuminate\\Http\\Request))
#33 /customers/f/2/a/homchf.one/httpd.www/vendor/laravel/framework/src/Illuminate/Foundation/Http/Middleware/TrimStrings.php(40): Illuminate\\Foundation\\Http\\Middleware\\TransformsRequest->handle(Object(Illuminate\\Http\\Request), Object(Closure))
#34 /customers/f/2/a/homchf.one/httpd.www/vendor/laravel/framework/src/Illuminate/Pipeline/Pipeline.php(167): Illuminate\\Foundation\\Http\\Middleware\\TrimStrings->handle(Object(Illuminate\\Http\\Request), Object(Closure))
#35 /customers/f/2/a/homchf.one/httpd.www/vendor/laravel/framework/src/Illuminate/Foundation/Http/Middleware/ValidatePostSize.php(27): Illuminate\\Pipeline\\Pipeline->Illuminate\\Pipeline\\{closure}(Object(Illuminate\\Http\\Request))
#36 /customers/f/2/a/homchf.one/httpd.www/vendor/laravel/framework/src/Illuminate/Pipeline/Pipeline.php(167): Illuminate\\Foundation\\Http\\Middleware\\ValidatePostSize->handle(Object(Illuminate\\Http\\Request), Object(Closure))
#37 /customers/f/2/a/homchf.one/httpd.www/vendor/laravel/framework/src/Illuminate/Foundation/Http/Middleware/PreventRequestsDuringMaintenance.php(86): Illuminate\\Pipeline\\Pipeline->Illuminate\\Pipeline\\{closure}(Object(Illuminate\\Http\\Request))
#38 /customers/f/2/a/homchf.one/httpd.www/vendor/laravel/framework/src/Illuminate/Pipeline/Pipeline.php(167): Illuminate\\Foundation\\Http\\Middleware\\PreventRequestsDuringMaintenance->handle(Object(Illuminate\\Http\\Request), Object(Closure))
#39 /customers/f/2/a/homchf.one/httpd.www/vendor/fruitcake/laravel-cors/src/HandleCors.php(52): Illuminate\\Pipeline\\Pipeline->Illuminate\\Pipeline\\{closure}(Object(Illuminate\\Http\\Request))
#40 /customers/f/2/a/homchf.one/httpd.www/vendor/laravel/framework/src/Illuminate/Pipeline/Pipeline.php(167): Fruitcake\\Cors\\HandleCors->handle(Object(Illuminate\\Http\\Request), Object(Closure))
#41 /customers/f/2/a/homchf.one/httpd.www/vendor/fideloper/proxy/src/TrustProxies.php(57): Illuminate\\Pipeline\\Pipeline->Illuminate\\Pipeline\\{closure}(Object(Illuminate\\Http\\Request))
#42 /customers/f/2/a/homchf.one/httpd.www/vendor/laravel/framework/src/Illuminate/Pipeline/Pipeline.php(167): Fideloper\\Proxy\\TrustProxies->handle(Object(Illuminate\\Http\\Request), Object(Closure))
#43 /customers/f/2/a/homchf.one/httpd.www/vendor/laravel/framework/src/Illuminate/Pipeline/Pipeline.php(103): Illuminate\\Pipeline\\Pipeline->Illuminate\\Pipeline\\{closure}(Object(Illuminate\\Http\\Request))
#44 /customers/f/2/a/homchf.one/httpd.www/vendor/laravel/framework/src/Illuminate/Foundation/Http/Kernel.php(141): Illuminate\\Pipeline\\Pipeline->then(Object(Closure))
#45 /customers/f/2/a/homchf.one/httpd.www/vendor/laravel/framework/src/Illuminate/Foundation/Http/Kernel.php(110): Illuminate\\Foundation\\Http\\Kernel->sendRequestThroughRouter(Object(Illuminate\\Http\\Request))
#46 /customers/f/2/a/homchf.one/httpd.www/public/index.php(52): Illuminate\\Foundation\\Http\\Kernel->handle(Object(Illuminate\\Http\\Request))
#47 {main}
"} 
[2022-01-06 10:10:46] local.ERROR: SQLSTATE[42S22]: Column not found: 1054 Unknown column 'contact' in 'field list' (SQL: select `id`, `order_id`, `vendor_id`, `amount`, `delivery_person_id`, `order_status`, `address_id`, `promocode_id`, `promocode_price`, `user_id`, `vendor_discount_price`, `delivery_charge`, `order_schedule`, `contact` from `order` where `id` = 88 limit 1) {"userId":16,"exception":"[object] (Illuminate\\Database\\QueryException(code: 42S22): SQLSTATE[42S22]: Column not found: 1054 Unknown column 'contact' in 'field list' (SQL: select `id`, `order_id`, `vendor_id`, `amount`, `delivery_person_id`, `order_status`, `address_id`, `promocode_id`, `promocode_price`, `user_id`, `vendor_discount_price`, `delivery_charge`, `order_schedule`, `contact` from `order` where `id` = 88 limit 1) at /customers/f/2/a/homchf.one/httpd.www/vendor/laravel/framework/src/Illuminate/Database/Connection.php:685)
[stacktrace]
#0 /customers/f/2/a/homchf.one/httpd.www/vendor/laravel/framework/src/Illuminate/Database/Connection.php(645): Illuminate\\Database\\Connection->runQueryCallback('select `id`, `o...', Array, Object(Closure))
#1 /customers/f/2/a/homchf.one/httpd.www/vendor/laravel/framework/src/Illuminate/Database/Connection.php(353): Illuminate\\Database\\Connection->run('select `id`, `o...', Array, Object(Closure))
#2 /customers/f/2/a/homchf.one/httpd.www/vendor/laravel/framework/src/Illuminate/Database/Query/Builder.php(2351): Illuminate\\Database\\Connection->select('select `id`, `o...', Array, true)
#3 /customers/f/2/a/homchf.one/httpd.www/vendor/laravel/framework/src/Illuminate/Database/Query/Builder.php(2339): Illuminate\\Database\\Query\\Builder->runSelect()
#4 /customers/f/2/a/homchf.one/httpd.www/vendor/laravel/framework/src/Illuminate/Database/Query/Builder.php(2905): Illuminate\\Database\\Query\\Builder->Illuminate\\Database\\Query\\{closure}()
#5 /customers/f/2/a/homchf.one/httpd.www/vendor/laravel/framework/src/Illuminate/Database/Query/Builder.php(2340): Illuminate\\Database\\Query\\Builder->onceWithColumns(Array, Object(Closure))
#6 /customers/f/2/a/homchf.one/httpd.www/vendor/laravel/framework/src/Illuminate/Database/Eloquent/Builder.php(604): Illuminate\\Database\\Query\\Builder->get(Array)
#7 /customers/f/2/a/homchf.one/httpd.www/vendor/laravel/framework/src/Illuminate/Database/Eloquent/Builder.php(588): Illuminate\\Database\\Eloquent\\Builder->getModels(Array)
#8 /customers/f/2/a/homchf.one/httpd.www/vendor/laravel/framework/src/Illuminate/Database/Concerns/BuildsQueries.php(257): Illuminate\\Database\\Eloquent\\Builder->get(Array)
#9 /customers/f/2/a/homchf.one/httpd.www/app/Http/Controllers/UserApiController.php(1034): Illuminate\\Database\\Eloquent\\Builder->first(Array)
#10 /customers/f/2/a/homchf.one/httpd.www/vendor/laravel/framework/src/Illuminate/Routing/Controller.php(54): App\\Http\\Controllers\\UserApiController->apiSingleOrder('88')
#11 /customers/f/2/a/homchf.one/httpd.www/vendor/laravel/framework/src/Illuminate/Routing/ControllerDispatcher.php(45): Illuminate\\Routing\\Controller->callAction('apiSingleOrder', Array)
#12 /customers/f/2/a/homchf.one/httpd.www/vendor/laravel/framework/src/Illuminate/Routing/Route.php(254): Illuminate\\Routing\\ControllerDispatcher->dispatch(Object(Illuminate\\Routing\\Route), Object(App\\Http\\Controllers\\UserApiController), 'apiSingleOrder')
#13 /customers/f/2/a/homchf.one/httpd.www/vendor/laravel/framework/src/Illuminate/Routing/Route.php(197): Illuminate\\Routing\\Route->runController()
#14 /customers/f/2/a/homchf.one/httpd.www/vendor/laravel/framework/src/Illuminate/Routing/Router.php(695): Illuminate\\Routing\\Route->run()
#15 /customers/f/2/a/homchf.one/httpd.www/vendor/laravel/framework/src/Illuminate/Pipeline/Pipeline.php(128): Illuminate\\Routing\\Router->Illuminate\\Routing\\{closure}(Object(Illuminate\\Http\\Request))
#16 /customers/f/2/a/homchf.one/httpd.www/vendor/laravel/framework/src/Illuminate/Routing/Middleware/SubstituteBindings.php(50): Illuminate\\Pipeline\\Pipeline->Illuminate\\Pipeline\\{closure}(Object(Illuminate\\Http\\Request))
#17 /customers/f/2/a/homchf.one/httpd.www/vendor/laravel/framework/src/Illuminate/Pipeline/Pipeline.php(167): Illuminate\\Routing\\Middleware\\SubstituteBindings->handle(Object(Illuminate\\Http\\Request), Object(Closure))
#18 /customers/f/2/a/homchf.one/httpd.www/vendor/laravel/framework/src/Illuminate/Auth/Middleware/Authenticate.php(44): Illuminate\\Pipeline\\Pipeline->Illuminate\\Pipeline\\{closure}(Object(Illuminate\\Http\\Request))
#19 /customers/f/2/a/homchf.one/httpd.www/vendor/laravel/framework/src/Illuminate/Pipeline/Pipeline.php(167): Illuminate\\Auth\\Middleware\\Authenticate->handle(Object(Illuminate\\Http\\Request), Object(Closure), 'api')
#20 /customers/f/2/a/homchf.one/httpd.www/vendor/laravel/framework/src/Illuminate/Pipeline/Pipeline.php(103): Illuminate\\Pipeline\\Pipeline->Illuminate\\Pipeline\\{closure}(Object(Illuminate\\Http\\Request))
#21 /customers/f/2/a/homchf.one/httpd.www/vendor/laravel/framework/src/Illuminate/Routing/Router.php(697): Illuminate\\Pipeline\\Pipeline->then(Object(Closure))
#22 /customers/f/2/a/homchf.one/httpd.www/vendor/laravel/framework/src/Illuminate/Routing/Router.php(672): Illuminate\\Routing\\Router->runRouteWithinStack(Object(Illuminate\\Routing\\Route), Object(Illuminate\\Http\\Request))
#23 /customers/f/2/a/homchf.one/httpd.www/vendor/laravel/framework/src/Illuminate/Routing/Router.php(636): Illuminate\\Routing\\Router->runRoute(Object(Illuminate\\Http\\Request), Object(Illuminate\\Routing\\Route))
#24 /customers/f/2/a/homchf.one/httpd.www/vendor/laravel/framework/src/Illuminate/Routing/Router.php(625): Illuminate\\Routing\\Router->dispatchToRoute(Object(Illuminate\\Http\\Request))
#25 /customers/f/2/a/homchf.one/httpd.www/vendor/laravel/framework/src/Illuminate/Foundation/Http/Kernel.php(166): Illuminate\\Routing\\Router->dispatch(Object(Illuminate\\Http\\Request))
#26 /customers/f/2/a/homchf.one/httpd.www/vendor/laravel/framework/src/Illuminate/Pipeline/Pipeline.php(128): Illuminate\\Foundation\\Http\\Kernel->Illuminate\\Foundation\\Http\\{closure}(Object(Illuminate\\Http\\Request))
#27 /customers/f/2/a/homchf.one/httpd.www/vendor/laravel/framework/src/Illuminate/Foundation/Http/Middleware/TransformsRequest.php(21): Illuminate\\Pipeline\\Pipeline->Illuminate\\Pipeline\\{closure}(Object(Illuminate\\Http\\Request))
#28 /customers/f/2/a/homchf.one/httpd.www/vendor/laravel/framework/src/Illuminate/Foundation/Http/Middleware/ConvertEmptyStringsToNull.php(31): Illuminate\\Foundation\\Http\\Middleware\\TransformsRequest->handle(Object(Illuminate\\Http\\Request), Object(Closure))
#29 /customers/f/2/a/homchf.one/httpd.www/vendor/laravel/framework/src/Illuminate/Pipeline/Pipeline.php(167): Illuminate\\Foundation\\Http\\Middleware\\ConvertEmptyStringsToNull->handle(Object(Illuminate\\Http\\Request), Object(Closure))
#30 /customers/f/2/a/homchf.one/httpd.www/vendor/laravel/framework/src/Illuminate/Foundation/Http/Middleware/TransformsRequest.php(21): Illuminate\\Pipeline\\Pipeline->Illuminate\\Pipeline\\{closure}(Object(Illuminate\\Http\\Request))
#31 /customers/f/2/a/homchf.one/httpd.www/vendor/laravel/framework/src/Illuminate/Foundation/Http/Middleware/TrimStrings.php(40): Illuminate\\Foundation\\Http\\Middleware\\TransformsRequest->handle(Object(Illuminate\\Http\\Request), Object(Closure))
#32 /customers/f/2/a/homchf.one/httpd.www/vendor/laravel/framework/src/Illuminate/Pipeline/Pipeline.php(167): Illuminate\\Foundation\\Http\\Middleware\\TrimStrings->handle(Object(Illuminate\\Http\\Request), Object(Closure))
#33 /customers/f/2/a/homchf.one/httpd.www/vendor/laravel/framework/src/Illuminate/Foundation/Http/Middleware/ValidatePostSize.php(27): Illuminate\\Pipeline\\Pipeline->Illuminate\\Pipeline\\{closure}(Object(Illuminate\\Http\\Request))
#34 /customers/f/2/a/homchf.one/httpd.www/vendor/laravel/framework/src/Illuminate/Pipeline/Pipeline.php(167): Illuminate\\Foundation\\Http\\Middleware\\ValidatePostSize->handle(Object(Illuminate\\Http\\Request), Object(Closure))
#35 /customers/f/2/a/homchf.one/httpd.www/vendor/laravel/framework/src/Illuminate/Foundation/Http/Middleware/PreventRequestsDuringMaintenance.php(86): Illuminate\\Pipeline\\Pipeline->Illuminate\\Pipeline\\{closure}(Object(Illuminate\\Http\\Request))
#36 /customers/f/2/a/homchf.one/httpd.www/vendor/laravel/framework/src/Illuminate/Pipeline/Pipeline.php(167): Illuminate\\Foundation\\Http\\Middleware\\PreventRequestsDuringMaintenance->handle(Object(Illuminate\\Http\\Request), Object(Closure))
#37 /customers/f/2/a/homchf.one/httpd.www/vendor/fruitcake/laravel-cors/src/HandleCors.php(52): Illuminate\\Pipeline\\Pipeline->Illuminate\\Pipeline\\{closure}(Object(Illuminate\\Http\\Request))
#38 /customers/f/2/a/homchf.one/httpd.www/vendor/laravel/framework/src/Illuminate/Pipeline/Pipeline.php(167): Fruitcake\\Cors\\HandleCors->handle(Object(Illuminate\\Http\\Request), Object(Closure))
#39 /customers/f/2/a/homchf.one/httpd.www/vendor/fideloper/proxy/src/TrustProxies.php(57): Illuminate\\Pipeline\\Pipeline->Illuminate\\Pipeline\\{closure}(Object(Illuminate\\Http\\Request))
#40 /customers/f/2/a/homchf.one/httpd.www/vendor/laravel/framework/src/Illuminate/Pipeline/Pipeline.php(167): Fideloper\\Proxy\\TrustProxies->handle(Object(Illuminate\\Http\\Request), Object(Closure))
#41 /customers/f/2/a/homchf.one/httpd.www/vendor/laravel/framework/src/Illuminate/Pipeline/Pipeline.php(103): Illuminate\\Pipeline\\Pipeline->Illuminate\\Pipeline\\{closure}(Object(Illuminate\\Http\\Request))
#42 /customers/f/2/a/homchf.one/httpd.www/vendor/laravel/framework/src/Illuminate/Foundation/Http/Kernel.php(141): Illuminate\\Pipeline\\Pipeline->then(Object(Closure))
#43 /customers/f/2/a/homchf.one/httpd.www/vendor/laravel/framework/src/Illuminate/Foundation/Http/Kernel.php(110): Illuminate\\Foundation\\Http\\Kernel->sendRequestThroughRouter(Object(Illuminate\\Http\\Request))
#44 /customers/f/2/a/homchf.one/httpd.www/public/index.php(52): Illuminate\\Foundation\\Http\\Kernel->handle(Object(Illuminate\\Http\\Request))
#45 {main}

[previous exception] [object] (PDOException(code: 42S22): SQLSTATE[42S22]: Column not found: 1054 Unknown column 'contact' in 'field list' at /customers/f/2/a/homchf.one/httpd.www/vendor/laravel/framework/src/Illuminate/Database/Connection.php:345)
[stacktrace]
#0 /customers/f/2/a/homchf.one/httpd.www/vendor/laravel/framework/src/Illuminate/Database/Connection.php(345): PDO->prepare('select `id`, `o...')
#1 /customers/f/2/a/homchf.one/httpd.www/vendor/laravel/framework/src/Illuminate/Database/Connection.php(678): Illuminate\\Database\\Connection->Illuminate\\Database\\{closure}('select `id`, `o...', Array)
#2 /customers/f/2/a/homchf.one/httpd.www/vendor/laravel/framework/src/Illuminate/Database/Connection.php(645): Illuminate\\Database\\Connection->runQueryCallback('select `id`, `o...', Array, Object(Closure))
#3 /customers/f/2/a/homchf.one/httpd.www/vendor/laravel/framework/src/Illuminate/Database/Connection.php(353): Illuminate\\Database\\Connection->run('select `id`, `o...', Array, Object(Closure))
#4 /customers/f/2/a/homchf.one/httpd.www/vendor/laravel/framework/src/Illuminate/Database/Query/Builder.php(2351): Illuminate\\Database\\Connection->select('select `id`, `o...', Array, true)
#5 /customers/f/2/a/homchf.one/httpd.www/vendor/laravel/framework/src/Illuminate/Database/Query/Builder.php(2339): Illuminate\\Database\\Query\\Builder->runSelect()
#6 /customers/f/2/a/homchf.one/httpd.www/vendor/laravel/framework/src/Illuminate/Database/Query/Builder.php(2905): Illuminate\\Database\\Query\\Builder->Illuminate\\Database\\Query\\{closure}()
#7 /customers/f/2/a/homchf.one/httpd.www/vendor/laravel/framework/src/Illuminate/Database/Query/Builder.php(2340): Illuminate\\Database\\Query\\Builder->onceWithColumns(Array, Object(Closure))
#8 /customers/f/2/a/homchf.one/httpd.www/vendor/laravel/framework/src/Illuminate/Database/Eloquent/Builder.php(604): Illuminate\\Database\\Query\\Builder->get(Array)
#9 /customers/f/2/a/homchf.one/httpd.www/vendor/laravel/framework/src/Illuminate/Database/Eloquent/Builder.php(588): Illuminate\\Database\\Eloquent\\Builder->getModels(Array)
#10 /customers/f/2/a/homchf.one/httpd.www/vendor/laravel/framework/src/Illuminate/Database/Concerns/BuildsQueries.php(257): Illuminate\\Database\\Eloquent\\Builder->get(Array)
#11 /customers/f/2/a/homchf.one/httpd.www/app/Http/Controllers/UserApiController.php(1034): Illuminate\\Database\\Eloquent\\Builder->first(Array)
#12 /customers/f/2/a/homchf.one/httpd.www/vendor/laravel/framework/src/Illuminate/Routing/Controller.php(54): App\\Http\\Controllers\\UserApiController->apiSingleOrder('88')
#13 /customers/f/2/a/homchf.one/httpd.www/vendor/laravel/framework/src/Illuminate/Routing/ControllerDispatcher.php(45): Illuminate\\Routing\\Controller->callAction('apiSingleOrder', Array)
#14 /customers/f/2/a/homchf.one/httpd.www/vendor/laravel/framework/src/Illuminate/Routing/Route.php(254): Illuminate\\Routing\\ControllerDispatcher->dispatch(Object(Illuminate\\Routing\\Route), Object(App\\Http\\Controllers\\UserApiController), 'apiSingleOrder')
#15 /customers/f/2/a/homchf.one/httpd.www/vendor/laravel/framework/src/Illuminate/Routing/Route.php(197): Illuminate\\Routing\\Route->runController()
#16 /customers/f/2/a/homchf.one/httpd.www/vendor/laravel/framework/src/Illuminate/Routing/Router.php(695): Illuminate\\Routing\\Route->run()
#17 /customers/f/2/a/homchf.one/httpd.www/vendor/laravel/framework/src/Illuminate/Pipeline/Pipeline.php(128): Illuminate\\Routing\\Router->Illuminate\\Routing\\{closure}(Object(Illuminate\\Http\\Request))
#18 /customers/f/2/a/homchf.one/httpd.www/vendor/laravel/framework/src/Illuminate/Routing/Middleware/SubstituteBindings.php(50): Illuminate\\Pipeline\\Pipeline->Illuminate\\Pipeline\\{closure}(Object(Illuminate\\Http\\Request))
#19 /customers/f/2/a/homchf.one/httpd.www/vendor/laravel/framework/src/Illuminate/Pipeline/Pipeline.php(167): Illuminate\\Routing\\Middleware\\SubstituteBindings->handle(Object(Illuminate\\Http\\Request), Object(Closure))
#20 /customers/f/2/a/homchf.one/httpd.www/vendor/laravel/framework/src/Illuminate/Auth/Middleware/Authenticate.php(44): Illuminate\\Pipeline\\Pipeline->Illuminate\\Pipeline\\{closure}(Object(Illuminate\\Http\\Request))
#21 /customers/f/2/a/homchf.one/httpd.www/vendor/laravel/framework/src/Illuminate/Pipeline/Pipeline.php(167): Illuminate\\Auth\\Middleware\\Authenticate->handle(Object(Illuminate\\Http\\Request), Object(Closure), 'api')
#22 /customers/f/2/a/homchf.one/httpd.www/vendor/laravel/framework/src/Illuminate/Pipeline/Pipeline.php(103): Illuminate\\Pipeline\\Pipeline->Illuminate\\Pipeline\\{closure}(Object(Illuminate\\Http\\Request))
#23 /customers/f/2/a/homchf.one/httpd.www/vendor/laravel/framework/src/Illuminate/Routing/Router.php(697): Illuminate\\Pipeline\\Pipeline->then(Object(Closure))
#24 /customers/f/2/a/homchf.one/httpd.www/vendor/laravel/framework/src/Illuminate/Routing/Router.php(672): Illuminate\\Routing\\Router->runRouteWithinStack(Object(Illuminate\\Routing\\Route), Object(Illuminate\\Http\\Request))
#25 /customers/f/2/a/homchf.one/httpd.www/vendor/laravel/framework/src/Illuminate/Routing/Router.php(636): Illuminate\\Routing\\Router->runRoute(Object(Illuminate\\Http\\Request), Object(Illuminate\\Routing\\Route))
#26 /customers/f/2/a/homchf.one/httpd.www/vendor/laravel/framework/src/Illuminate/Routing/Router.php(625): Illuminate\\Routing\\Router->dispatchToRoute(Object(Illuminate\\Http\\Request))
#27 /customers/f/2/a/homchf.one/httpd.www/vendor/laravel/framework/src/Illuminate/Foundation/Http/Kernel.php(166): Illuminate\\Routing\\Router->dispatch(Object(Illuminate\\Http\\Request))
#28 /customers/f/2/a/homchf.one/httpd.www/vendor/laravel/framework/src/Illuminate/Pipeline/Pipeline.php(128): Illuminate\\Foundation\\Http\\Kernel->Illuminate\\Foundation\\Http\\{closure}(Object(Illuminate\\Http\\Request))
#29 /customers/f/2/a/homchf.one/httpd.www/vendor/laravel/framework/src/Illuminate/Foundation/Http/Middleware/TransformsRequest.php(21): Illuminate\\Pipeline\\Pipeline->Illuminate\\Pipeline\\{closure}(Object(Illuminate\\Http\\Request))
#30 /customers/f/2/a/homchf.one/httpd.www/vendor/laravel/framework/src/Illuminate/Foundation/Http/Middleware/ConvertEmptyStringsToNull.php(31): Illuminate\\Foundation\\Http\\Middleware\\TransformsRequest->handle(Object(Illuminate\\Http\\Request), Object(Closure))
#31 /customers/f/2/a/homchf.one/httpd.www/vendor/laravel/framework/src/Illuminate/Pipeline/Pipeline.php(167): Illuminate\\Foundation\\Http\\Middleware\\ConvertEmptyStringsToNull->handle(Object(Illuminate\\Http\\Request), Object(Closure))
#32 /customers/f/2/a/homchf.one/httpd.www/vendor/laravel/framework/src/Illuminate/Foundation/Http/Middleware/TransformsRequest.php(21): Illuminate\\Pipeline\\Pipeline->Illuminate\\Pipeline\\{closure}(Object(Illuminate\\Http\\Request))
#33 /customers/f/2/a/homchf.one/httpd.www/vendor/laravel/framework/src/Illuminate/Foundation/Http/Middleware/TrimStrings.php(40): Illuminate\\Foundation\\Http\\Middleware\\TransformsRequest->handle(Object(Illuminate\\Http\\Request), Object(Closure))
#34 /customers/f/2/a/homchf.one/httpd.www/vendor/laravel/framework/src/Illuminate/Pipeline/Pipeline.php(167): Illuminate\\Foundation\\Http\\Middleware\\TrimStrings->handle(Object(Illuminate\\Http\\Request), Object(Closure))
#35 /customers/f/2/a/homchf.one/httpd.www/vendor/laravel/framework/src/Illuminate/Foundation/Http/Middleware/ValidatePostSize.php(27): Illuminate\\Pipeline\\Pipeline->Illuminate\\Pipeline\\{closure}(Object(Illuminate\\Http\\Request))
#36 /customers/f/2/a/homchf.one/httpd.www/vendor/laravel/framework/src/Illuminate/Pipeline/Pipeline.php(167): Illuminate\\Foundation\\Http\\Middleware\\ValidatePostSize->handle(Object(Illuminate\\Http\\Request), Object(Closure))
#37 /customers/f/2/a/homchf.one/httpd.www/vendor/laravel/framework/src/Illuminate/Foundation/Http/Middleware/PreventRequestsDuringMaintenance.php(86): Illuminate\\Pipeline\\Pipeline->Illuminate\\Pipeline\\{closure}(Object(Illuminate\\Http\\Request))
#38 /customers/f/2/a/homchf.one/httpd.www/vendor/laravel/framework/src/Illuminate/Pipeline/Pipeline.php(167): Illuminate\\Foundation\\Http\\Middleware\\PreventRequestsDuringMaintenance->handle(Object(Illuminate\\Http\\Request), Object(Closure))
#39 /customers/f/2/a/homchf.one/httpd.www/vendor/fruitcake/laravel-cors/src/HandleCors.php(52): Illuminate\\Pipeline\\Pipeline->Illuminate\\Pipeline\\{closure}(Object(Illuminate\\Http\\Request))
#40 /customers/f/2/a/homchf.one/httpd.www/vendor/laravel/framework/src/Illuminate/Pipeline/Pipeline.php(167): Fruitcake\\Cors\\HandleCors->handle(Object(Illuminate\\Http\\Request), Object(Closure))
#41 /customers/f/2/a/homchf.one/httpd.www/vendor/fideloper/proxy/src/TrustProxies.php(57): Illuminate\\Pipeline\\Pipeline->Illuminate\\Pipeline\\{closure}(Object(Illuminate\\Http\\Request))
#42 /customers/f/2/a/homchf.one/httpd.www/vendor/laravel/framework/src/Illuminate/Pipeline/Pipeline.php(167): Fideloper\\Proxy\\TrustProxies->handle(Object(Illuminate\\Http\\Request), Object(Closure))
#43 /customers/f/2/a/homchf.one/httpd.www/vendor/laravel/framework/src/Illuminate/Pipeline/Pipeline.php(103): Illuminate\\Pipeline\\Pipeline->Illuminate\\Pipeline\\{closure}(Object(Illuminate\\Http\\Request))
#44 /customers/f/2/a/homchf.one/httpd.www/vendor/laravel/framework/src/Illuminate/Foundation/Http/Kernel.php(141): Illuminate\\Pipeline\\Pipeline->then(Object(Closure))
#45 /customers/f/2/a/homchf.one/httpd.www/vendor/laravel/framework/src/Illuminate/Foundation/Http/Kernel.php(110): Illuminate\\Foundation\\Http\\Kernel->sendRequestThroughRouter(Object(Illuminate\\Http\\Request))
#46 /customers/f/2/a/homchf.one/httpd.www/public/index.php(52): Illuminate\\Foundation\\Http\\Kernel->handle(Object(Illuminate\\Http\\Request))
#47 {main}
"} 
[2022-01-06 10:10:59] local.ERROR: SQLSTATE[42S22]: Column not found: 1054 Unknown column 'contact' in 'field list' (SQL: select `id`, `order_id`, `vendor_id`, `amount`, `delivery_person_id`, `order_status`, `address_id`, `promocode_id`, `promocode_price`, `user_id`, `vendor_discount_price`, `delivery_charge`, `order_schedule`, `contact` from `order` where `id` = 87 limit 1) {"userId":16,"exception":"[object] (Illuminate\\Database\\QueryException(code: 42S22): SQLSTATE[42S22]: Column not found: 1054 Unknown column 'contact' in 'field list' (SQL: select `id`, `order_id`, `vendor_id`, `amount`, `delivery_person_id`, `order_status`, `address_id`, `promocode_id`, `promocode_price`, `user_id`, `vendor_discount_price`, `delivery_charge`, `order_schedule`, `contact` from `order` where `id` = 87 limit 1) at /customers/f/2/a/homchf.one/httpd.www/vendor/laravel/framework/src/Illuminate/Database/Connection.php:685)
[stacktrace]
#0 /customers/f/2/a/homchf.one/httpd.www/vendor/laravel/framework/src/Illuminate/Database/Connection.php(645): Illuminate\\Database\\Connection->runQueryCallback('select `id`, `o...', Array, Object(Closure))
#1 /customers/f/2/a/homchf.one/httpd.www/vendor/laravel/framework/src/Illuminate/Database/Connection.php(353): Illuminate\\Database\\Connection->run('select `id`, `o...', Array, Object(Closure))
#2 /customers/f/2/a/homchf.one/httpd.www/vendor/laravel/framework/src/Illuminate/Database/Query/Builder.php(2351): Illuminate\\Database\\Connection->select('select `id`, `o...', Array, true)
#3 /customers/f/2/a/homchf.one/httpd.www/vendor/laravel/framework/src/Illuminate/Database/Query/Builder.php(2339): Illuminate\\Database\\Query\\Builder->runSelect()
#4 /customers/f/2/a/homchf.one/httpd.www/vendor/laravel/framework/src/Illuminate/Database/Query/Builder.php(2905): Illuminate\\Database\\Query\\Builder->Illuminate\\Database\\Query\\{closure}()
#5 /customers/f/2/a/homchf.one/httpd.www/vendor/laravel/framework/src/Illuminate/Database/Query/Builder.php(2340): Illuminate\\Database\\Query\\Builder->onceWithColumns(Array, Object(Closure))
#6 /customers/f/2/a/homchf.one/httpd.www/vendor/laravel/framework/src/Illuminate/Database/Eloquent/Builder.php(604): Illuminate\\Database\\Query\\Builder->get(Array)
#7 /customers/f/2/a/homchf.one/httpd.www/vendor/laravel/framework/src/Illuminate/Database/Eloquent/Builder.php(588): Illuminate\\Database\\Eloquent\\Builder->getModels(Array)
#8 /customers/f/2/a/homchf.one/httpd.www/vendor/laravel/framework/src/Illuminate/Database/Concerns/BuildsQueries.php(257): Illuminate\\Database\\Eloquent\\Builder->get(Array)
#9 /customers/f/2/a/homchf.one/httpd.www/app/Http/Controllers/UserApiController.php(1034): Illuminate\\Database\\Eloquent\\Builder->first(Array)
#10 /customers/f/2/a/homchf.one/httpd.www/vendor/laravel/framework/src/Illuminate/Routing/Controller.php(54): App\\Http\\Controllers\\UserApiController->apiSingleOrder('87')
#11 /customers/f/2/a/homchf.one/httpd.www/vendor/laravel/framework/src/Illuminate/Routing/ControllerDispatcher.php(45): Illuminate\\Routing\\Controller->callAction('apiSingleOrder', Array)
#12 /customers/f/2/a/homchf.one/httpd.www/vendor/laravel/framework/src/Illuminate/Routing/Route.php(254): Illuminate\\Routing\\ControllerDispatcher->dispatch(Object(Illuminate\\Routing\\Route), Object(App\\Http\\Controllers\\UserApiController), 'apiSingleOrder')
#13 /customers/f/2/a/homchf.one/httpd.www/vendor/laravel/framework/src/Illuminate/Routing/Route.php(197): Illuminate\\Routing\\Route->runController()
#14 /customers/f/2/a/homchf.one/httpd.www/vendor/laravel/framework/src/Illuminate/Routing/Router.php(695): Illuminate\\Routing\\Route->run()
#15 /customers/f/2/a/homchf.one/httpd.www/vendor/laravel/framework/src/Illuminate/Pipeline/Pipeline.php(128): Illuminate\\Routing\\Router->Illuminate\\Routing\\{closure}(Object(Illuminate\\Http\\Request))
#16 /customers/f/2/a/homchf.one/httpd.www/vendor/laravel/framework/src/Illuminate/Routing/Middleware/SubstituteBindings.php(50): Illuminate\\Pipeline\\Pipeline->Illuminate\\Pipeline\\{closure}(Object(Illuminate\\Http\\Request))
#17 /customers/f/2/a/homchf.one/httpd.www/vendor/laravel/framework/src/Illuminate/Pipeline/Pipeline.php(167): Illuminate\\Routing\\Middleware\\SubstituteBindings->handle(Object(Illuminate\\Http\\Request), Object(Closure))
#18 /customers/f/2/a/homchf.one/httpd.www/vendor/laravel/framework/src/Illuminate/Auth/Middleware/Authenticate.php(44): Illuminate\\Pipeline\\Pipeline->Illuminate\\Pipeline\\{closure}(Object(Illuminate\\Http\\Request))
#19 /customers/f/2/a/homchf.one/httpd.www/vendor/laravel/framework/src/Illuminate/Pipeline/Pipeline.php(167): Illuminate\\Auth\\Middleware\\Authenticate->handle(Object(Illuminate\\Http\\Request), Object(Closure), 'api')
#20 /customers/f/2/a/homchf.one/httpd.www/vendor/laravel/framework/src/Illuminate/Pipeline/Pipeline.php(103): Illuminate\\Pipeline\\Pipeline->Illuminate\\Pipeline\\{closure}(Object(Illuminate\\Http\\Request))
#21 /customers/f/2/a/homchf.one/httpd.www/vendor/laravel/framework/src/Illuminate/Routing/Router.php(697): Illuminate\\Pipeline\\Pipeline->then(Object(Closure))
#22 /customers/f/2/a/homchf.one/httpd.www/vendor/laravel/framework/src/Illuminate/Routing/Router.php(672): Illuminate\\Routing\\Router->runRouteWithinStack(Object(Illuminate\\Routing\\Route), Object(Illuminate\\Http\\Request))
#23 /customers/f/2/a/homchf.one/httpd.www/vendor/laravel/framework/src/Illuminate/Routing/Router.php(636): Illuminate\\Routing\\Router->runRoute(Object(Illuminate\\Http\\Request), Object(Illuminate\\Routing\\Route))
#24 /customers/f/2/a/homchf.one/httpd.www/vendor/laravel/framework/src/Illuminate/Routing/Router.php(625): Illuminate\\Routing\\Router->dispatchToRoute(Object(Illuminate\\Http\\Request))
#25 /customers/f/2/a/homchf.one/httpd.www/vendor/laravel/framework/src/Illuminate/Foundation/Http/Kernel.php(166): Illuminate\\Routing\\Router->dispatch(Object(Illuminate\\Http\\Request))
#26 /customers/f/2/a/homchf.one/httpd.www/vendor/laravel/framework/src/Illuminate/Pipeline/Pipeline.php(128): Illuminate\\Foundation\\Http\\Kernel->Illuminate\\Foundation\\Http\\{closure}(Object(Illuminate\\Http\\Request))
#27 /customers/f/2/a/homchf.one/httpd.www/vendor/laravel/framework/src/Illuminate/Foundation/Http/Middleware/TransformsRequest.php(21): Illuminate\\Pipeline\\Pipeline->Illuminate\\Pipeline\\{closure}(Object(Illuminate\\Http\\Request))
#28 /customers/f/2/a/homchf.one/httpd.www/vendor/laravel/framework/src/Illuminate/Foundation/Http/Middleware/ConvertEmptyStringsToNull.php(31): Illuminate\\Foundation\\Http\\Middleware\\TransformsRequest->handle(Object(Illuminate\\Http\\Request), Object(Closure))
#29 /customers/f/2/a/homchf.one/httpd.www/vendor/laravel/framework/src/Illuminate/Pipeline/Pipeline.php(167): Illuminate\\Foundation\\Http\\Middleware\\ConvertEmptyStringsToNull->handle(Object(Illuminate\\Http\\Request), Object(Closure))
#30 /customers/f/2/a/homchf.one/httpd.www/vendor/laravel/framework/src/Illuminate/Foundation/Http/Middleware/TransformsRequest.php(21): Illuminate\\Pipeline\\Pipeline->Illuminate\\Pipeline\\{closure}(Object(Illuminate\\Http\\Request))
#31 /customers/f/2/a/homchf.one/httpd.www/vendor/laravel/framework/src/Illuminate/Foundation/Http/Middleware/TrimStrings.php(40): Illuminate\\Foundation\\Http\\Middleware\\TransformsRequest->handle(Object(Illuminate\\Http\\Request), Object(Closure))
#32 /customers/f/2/a/homchf.one/httpd.www/vendor/laravel/framework/src/Illuminate/Pipeline/Pipeline.php(167): Illuminate\\Foundation\\Http\\Middleware\\TrimStrings->handle(Object(Illuminate\\Http\\Request), Object(Closure))
#33 /customers/f/2/a/homchf.one/httpd.www/vendor/laravel/framework/src/Illuminate/Foundation/Http/Middleware/ValidatePostSize.php(27): Illuminate\\Pipeline\\Pipeline->Illuminate\\Pipeline\\{closure}(Object(Illuminate\\Http\\Request))
#34 /customers/f/2/a/homchf.one/httpd.www/vendor/laravel/framework/src/Illuminate/Pipeline/Pipeline.php(167): Illuminate\\Foundation\\Http\\Middleware\\ValidatePostSize->handle(Object(Illuminate\\Http\\Request), Object(Closure))
#35 /customers/f/2/a/homchf.one/httpd.www/vendor/laravel/framework/src/Illuminate/Foundation/Http/Middleware/PreventRequestsDuringMaintenance.php(86): Illuminate\\Pipeline\\Pipeline->Illuminate\\Pipeline\\{closure}(Object(Illuminate\\Http\\Request))
#36 /customers/f/2/a/homchf.one/httpd.www/vendor/laravel/framework/src/Illuminate/Pipeline/Pipeline.php(167): Illuminate\\Foundation\\Http\\Middleware\\PreventRequestsDuringMaintenance->handle(Object(Illuminate\\Http\\Request), Object(Closure))
#37 /customers/f/2/a/homchf.one/httpd.www/vendor/fruitcake/laravel-cors/src/HandleCors.php(52): Illuminate\\Pipeline\\Pipeline->Illuminate\\Pipeline\\{closure}(Object(Illuminate\\Http\\Request))
#38 /customers/f/2/a/homchf.one/httpd.www/vendor/laravel/framework/src/Illuminate/Pipeline/Pipeline.php(167): Fruitcake\\Cors\\HandleCors->handle(Object(Illuminate\\Http\\Request), Object(Closure))
#39 /customers/f/2/a/homchf.one/httpd.www/vendor/fideloper/proxy/src/TrustProxies.php(57): Illuminate\\Pipeline\\Pipeline->Illuminate\\Pipeline\\{closure}(Object(Illuminate\\Http\\Request))
#40 /customers/f/2/a/homchf.one/httpd.www/vendor/laravel/framework/src/Illuminate/Pipeline/Pipeline.php(167): Fideloper\\Proxy\\TrustProxies->handle(Object(Illuminate\\Http\\Request), Object(Closure))
#41 /customers/f/2/a/homchf.one/httpd.www/vendor/laravel/framework/src/Illuminate/Pipeline/Pipeline.php(103): Illuminate\\Pipeline\\Pipeline->Illuminate\\Pipeline\\{closure}(Object(Illuminate\\Http\\Request))
#42 /customers/f/2/a/homchf.one/httpd.www/vendor/laravel/framework/src/Illuminate/Foundation/Http/Kernel.php(141): Illuminate\\Pipeline\\Pipeline->then(Object(Closure))
#43 /customers/f/2/a/homchf.one/httpd.www/vendor/laravel/framework/src/Illuminate/Foundation/Http/Kernel.php(110): Illuminate\\Foundation\\Http\\Kernel->sendRequestThroughRouter(Object(Illuminate\\Http\\Request))
#44 /customers/f/2/a/homchf.one/httpd.www/public/index.php(52): Illuminate\\Foundation\\Http\\Kernel->handle(Object(Illuminate\\Http\\Request))
#45 {main}

[previous exception] [object] (PDOException(code: 42S22): SQLSTATE[42S22]: Column not found: 1054 Unknown column 'contact' in 'field list' at /customers/f/2/a/homchf.one/httpd.www/vendor/laravel/framework/src/Illuminate/Database/Connection.php:345)
[stacktrace]
#0 /customers/f/2/a/homchf.one/httpd.www/vendor/laravel/framework/src/Illuminate/Database/Connection.php(345): PDO->prepare('select `id`, `o...')
#1 /customers/f/2/a/homchf.one/httpd.www/vendor/laravel/framework/src/Illuminate/Database/Connection.php(678): Illuminate\\Database\\Connection->Illuminate\\Database\\{closure}('select `id`, `o...', Array)
#2 /customers/f/2/a/homchf.one/httpd.www/vendor/laravel/framework/src/Illuminate/Database/Connection.php(645): Illuminate\\Database\\Connection->runQueryCallback('select `id`, `o...', Array, Object(Closure))
#3 /customers/f/2/a/homchf.one/httpd.www/vendor/laravel/framework/src/Illuminate/Database/Connection.php(353): Illuminate\\Database\\Connection->run('select `id`, `o...', Array, Object(Closure))
#4 /customers/f/2/a/homchf.one/httpd.www/vendor/laravel/framework/src/Illuminate/Database/Query/Builder.php(2351): Illuminate\\Database\\Connection->select('select `id`, `o...', Array, true)
#5 /customers/f/2/a/homchf.one/httpd.www/vendor/laravel/framework/src/Illuminate/Database/Query/Builder.php(2339): Illuminate\\Database\\Query\\Builder->runSelect()
#6 /customers/f/2/a/homchf.one/httpd.www/vendor/laravel/framework/src/Illuminate/Database/Query/Builder.php(2905): Illuminate\\Database\\Query\\Builder->Illuminate\\Database\\Query\\{closure}()
#7 /customers/f/2/a/homchf.one/httpd.www/vendor/laravel/framework/src/Illuminate/Database/Query/Builder.php(2340): Illuminate\\Database\\Query\\Builder->onceWithColumns(Array, Object(Closure))
#8 /customers/f/2/a/homchf.one/httpd.www/vendor/laravel/framework/src/Illuminate/Database/Eloquent/Builder.php(604): Illuminate\\Database\\Query\\Builder->get(Array)
#9 /customers/f/2/a/homchf.one/httpd.www/vendor/laravel/framework/src/Illuminate/Database/Eloquent/Builder.php(588): Illuminate\\Database\\Eloquent\\Builder->getModels(Array)
#10 /customers/f/2/a/homchf.one/httpd.www/vendor/laravel/framework/src/Illuminate/Database/Concerns/BuildsQueries.php(257): Illuminate\\Database\\Eloquent\\Builder->get(Array)
#11 /customers/f/2/a/homchf.one/httpd.www/app/Http/Controllers/UserApiController.php(1034): Illuminate\\Database\\Eloquent\\Builder->first(Array)
#12 /customers/f/2/a/homchf.one/httpd.www/vendor/laravel/framework/src/Illuminate/Routing/Controller.php(54): App\\Http\\Controllers\\UserApiController->apiSingleOrder('87')
#13 /customers/f/2/a/homchf.one/httpd.www/vendor/laravel/framework/src/Illuminate/Routing/ControllerDispatcher.php(45): Illuminate\\Routing\\Controller->callAction('apiSingleOrder', Array)
#14 /customers/f/2/a/homchf.one/httpd.www/vendor/laravel/framework/src/Illuminate/Routing/Route.php(254): Illuminate\\Routing\\ControllerDispatcher->dispatch(Object(Illuminate\\Routing\\Route), Object(App\\Http\\Controllers\\UserApiController), 'apiSingleOrder')
#15 /customers/f/2/a/homchf.one/httpd.www/vendor/laravel/framework/src/Illuminate/Routing/Route.php(197): Illuminate\\Routing\\Route->runController()
#16 /customers/f/2/a/homchf.one/httpd.www/vendor/laravel/framework/src/Illuminate/Routing/Router.php(695): Illuminate\\Routing\\Route->run()
#17 /customers/f/2/a/homchf.one/httpd.www/vendor/laravel/framework/src/Illuminate/Pipeline/Pipeline.php(128): Illuminate\\Routing\\Router->Illuminate\\Routing\\{closure}(Object(Illuminate\\Http\\Request))
#18 /customers/f/2/a/homchf.one/httpd.www/vendor/laravel/framework/src/Illuminate/Routing/Middleware/SubstituteBindings.php(50): Illuminate\\Pipeline\\Pipeline->Illuminate\\Pipeline\\{closure}(Object(Illuminate\\Http\\Request))
#19 /customers/f/2/a/homchf.one/httpd.www/vendor/laravel/framework/src/Illuminate/Pipeline/Pipeline.php(167): Illuminate\\Routing\\Middleware\\SubstituteBindings->handle(Object(Illuminate\\Http\\Request), Object(Closure))
#20 /customers/f/2/a/homchf.one/httpd.www/vendor/laravel/framework/src/Illuminate/Auth/Middleware/Authenticate.php(44): Illuminate\\Pipeline\\Pipeline->Illuminate\\Pipeline\\{closure}(Object(Illuminate\\Http\\Request))
#21 /customers/f/2/a/homchf.one/httpd.www/vendor/laravel/framework/src/Illuminate/Pipeline/Pipeline.php(167): Illuminate\\Auth\\Middleware\\Authenticate->handle(Object(Illuminate\\Http\\Request), Object(Closure), 'api')
#22 /customers/f/2/a/homchf.one/httpd.www/vendor/laravel/framework/src/Illuminate/Pipeline/Pipeline.php(103): Illuminate\\Pipeline\\Pipeline->Illuminate\\Pipeline\\{closure}(Object(Illuminate\\Http\\Request))
#23 /customers/f/2/a/homchf.one/httpd.www/vendor/laravel/framework/src/Illuminate/Routing/Router.php(697): Illuminate\\Pipeline\\Pipeline->then(Object(Closure))
#24 /customers/f/2/a/homchf.one/httpd.www/vendor/laravel/framework/src/Illuminate/Routing/Router.php(672): Illuminate\\Routing\\Router->runRouteWithinStack(Object(Illuminate\\Routing\\Route), Object(Illuminate\\Http\\Request))
#25 /customers/f/2/a/homchf.one/httpd.www/vendor/laravel/framework/src/Illuminate/Routing/Router.php(636): Illuminate\\Routing\\Router->runRoute(Object(Illuminate\\Http\\Request), Object(Illuminate\\Routing\\Route))
#26 /customers/f/2/a/homchf.one/httpd.www/vendor/laravel/framework/src/Illuminate/Routing/Router.php(625): Illuminate\\Routing\\Router->dispatchToRoute(Object(Illuminate\\Http\\Request))
#27 /customers/f/2/a/homchf.one/httpd.www/vendor/laravel/framework/src/Illuminate/Foundation/Http/Kernel.php(166): Illuminate\\Routing\\Router->dispatch(Object(Illuminate\\Http\\Request))
#28 /customers/f/2/a/homchf.one/httpd.www/vendor/laravel/framework/src/Illuminate/Pipeline/Pipeline.php(128): Illuminate\\Foundation\\Http\\Kernel->Illuminate\\Foundation\\Http\\{closure}(Object(Illuminate\\Http\\Request))
#29 /customers/f/2/a/homchf.one/httpd.www/vendor/laravel/framework/src/Illuminate/Foundation/Http/Middleware/TransformsRequest.php(21): Illuminate\\Pipeline\\Pipeline->Illuminate\\Pipeline\\{closure}(Object(Illuminate\\Http\\Request))
#30 /customers/f/2/a/homchf.one/httpd.www/vendor/laravel/framework/src/Illuminate/Foundation/Http/Middleware/ConvertEmptyStringsToNull.php(31): Illuminate\\Foundation\\Http\\Middleware\\TransformsRequest->handle(Object(Illuminate\\Http\\Request), Object(Closure))
#31 /customers/f/2/a/homchf.one/httpd.www/vendor/laravel/framework/src/Illuminate/Pipeline/Pipeline.php(167): Illuminate\\Foundation\\Http\\Middleware\\ConvertEmptyStringsToNull->handle(Object(Illuminate\\Http\\Request), Object(Closure))
#32 /customers/f/2/a/homchf.one/httpd.www/vendor/laravel/framework/src/Illuminate/Foundation/Http/Middleware/TransformsRequest.php(21): Illuminate\\Pipeline\\Pipeline->Illuminate\\Pipeline\\{closure}(Object(Illuminate\\Http\\Request))
#33 /customers/f/2/a/homchf.one/httpd.www/vendor/laravel/framework/src/Illuminate/Foundation/Http/Middleware/TrimStrings.php(40): Illuminate\\Foundation\\Http\\Middleware\\TransformsRequest->handle(Object(Illuminate\\Http\\Request), Object(Closure))
#34 /customers/f/2/a/homchf.one/httpd.www/vendor/laravel/framework/src/Illuminate/Pipeline/Pipeline.php(167): Illuminate\\Foundation\\Http\\Middleware\\TrimStrings->handle(Object(Illuminate\\Http\\Request), Object(Closure))
#35 /customers/f/2/a/homchf.one/httpd.www/vendor/laravel/framework/src/Illuminate/Foundation/Http/Middleware/ValidatePostSize.php(27): Illuminate\\Pipeline\\Pipeline->Illuminate\\Pipeline\\{closure}(Object(Illuminate\\Http\\Request))
#36 /customers/f/2/a/homchf.one/httpd.www/vendor/laravel/framework/src/Illuminate/Pipeline/Pipeline.php(167): Illuminate\\Foundation\\Http\\Middleware\\ValidatePostSize->handle(Object(Illuminate\\Http\\Request), Object(Closure))
#37 /customers/f/2/a/homchf.one/httpd.www/vendor/laravel/framework/src/Illuminate/Foundation/Http/Middleware/PreventRequestsDuringMaintenance.php(86): Illuminate\\Pipeline\\Pipeline->Illuminate\\Pipeline\\{closure}(Object(Illuminate\\Http\\Request))
#38 /customers/f/2/a/homchf.one/httpd.www/vendor/laravel/framework/src/Illuminate/Pipeline/Pipeline.php(167): Illuminate\\Foundation\\Http\\Middleware\\PreventRequestsDuringMaintenance->handle(Object(Illuminate\\Http\\Request), Object(Closure))
#39 /customers/f/2/a/homchf.one/httpd.www/vendor/fruitcake/laravel-cors/src/HandleCors.php(52): Illuminate\\Pipeline\\Pipeline->Illuminate\\Pipeline\\{closure}(Object(Illuminate\\Http\\Request))
#40 /customers/f/2/a/homchf.one/httpd.www/vendor/laravel/framework/src/Illuminate/Pipeline/Pipeline.php(167): Fruitcake\\Cors\\HandleCors->handle(Object(Illuminate\\Http\\Request), Object(Closure))
#41 /customers/f/2/a/homchf.one/httpd.www/vendor/fideloper/proxy/src/TrustProxies.php(57): Illuminate\\Pipeline\\Pipeline->Illuminate\\Pipeline\\{closure}(Object(Illuminate\\Http\\Request))
#42 /customers/f/2/a/homchf.one/httpd.www/vendor/laravel/framework/src/Illuminate/Pipeline/Pipeline.php(167): Fideloper\\Proxy\\TrustProxies->handle(Object(Illuminate\\Http\\Request), Object(Closure))
#43 /customers/f/2/a/homchf.one/httpd.www/vendor/laravel/framework/src/Illuminate/Pipeline/Pipeline.php(103): Illuminate\\Pipeline\\Pipeline->Illuminate\\Pipeline\\{closure}(Object(Illuminate\\Http\\Request))
#44 /customers/f/2/a/homchf.one/httpd.www/vendor/laravel/framework/src/Illuminate/Foundation/Http/Kernel.php(141): Illuminate\\Pipeline\\Pipeline->then(Object(Closure))
#45 /customers/f/2/a/homchf.one/httpd.www/vendor/laravel/framework/src/Illuminate/Foundation/Http/Kernel.php(110): Illuminate\\Foundation\\Http\\Kernel->sendRequestThroughRouter(Object(Illuminate\\Http\\Request))
#46 /customers/f/2/a/homchf.one/httpd.www/public/index.php(52): Illuminate\\Foundation\\Http\\Kernel->handle(Object(Illuminate\\Http\\Request))
#47 {main}
"} 
[2022-01-06 10:12:15] local.ERROR: SQLSTATE[42S22]: Column not found: 1054 Unknown column 'contact' in 'field list' (SQL: select `id`, `order_id`, `vendor_id`, `amount`, `delivery_person_id`, `order_status`, `address_id`, `promocode_id`, `promocode_price`, `user_id`, `vendor_discount_price`, `delivery_charge`, `order_schedule`, `contact` from `order` where `id` = 88 limit 1) {"userId":16,"exception":"[object] (Illuminate\\Database\\QueryException(code: 42S22): SQLSTATE[42S22]: Column not found: 1054 Unknown column 'contact' in 'field list' (SQL: select `id`, `order_id`, `vendor_id`, `amount`, `delivery_person_id`, `order_status`, `address_id`, `promocode_id`, `promocode_price`, `user_id`, `vendor_discount_price`, `delivery_charge`, `order_schedule`, `contact` from `order` where `id` = 88 limit 1) at /customers/f/2/a/homchf.one/httpd.www/vendor/laravel/framework/src/Illuminate/Database/Connection.php:685)
[stacktrace]
#0 /customers/f/2/a/homchf.one/httpd.www/vendor/laravel/framework/src/Illuminate/Database/Connection.php(645): Illuminate\\Database\\Connection->runQueryCallback('select `id`, `o...', Array, Object(Closure))
#1 /customers/f/2/a/homchf.one/httpd.www/vendor/laravel/framework/src/Illuminate/Database/Connection.php(353): Illuminate\\Database\\Connection->run('select `id`, `o...', Array, Object(Closure))
#2 /customers/f/2/a/homchf.one/httpd.www/vendor/laravel/framework/src/Illuminate/Database/Query/Builder.php(2351): Illuminate\\Database\\Connection->select('select `id`, `o...', Array, true)
#3 /customers/f/2/a/homchf.one/httpd.www/vendor/laravel/framework/src/Illuminate/Database/Query/Builder.php(2339): Illuminate\\Database\\Query\\Builder->runSelect()
#4 /customers/f/2/a/homchf.one/httpd.www/vendor/laravel/framework/src/Illuminate/Database/Query/Builder.php(2905): Illuminate\\Database\\Query\\Builder->Illuminate\\Database\\Query\\{closure}()
#5 /customers/f/2/a/homchf.one/httpd.www/vendor/laravel/framework/src/Illuminate/Database/Query/Builder.php(2340): Illuminate\\Database\\Query\\Builder->onceWithColumns(Array, Object(Closure))
#6 /customers/f/2/a/homchf.one/httpd.www/vendor/laravel/framework/src/Illuminate/Database/Eloquent/Builder.php(604): Illuminate\\Database\\Query\\Builder->get(Array)
#7 /customers/f/2/a/homchf.one/httpd.www/vendor/laravel/framework/src/Illuminate/Database/Eloquent/Builder.php(588): Illuminate\\Database\\Eloquent\\Builder->getModels(Array)
#8 /customers/f/2/a/homchf.one/httpd.www/vendor/laravel/framework/src/Illuminate/Database/Concerns/BuildsQueries.php(257): Illuminate\\Database\\Eloquent\\Builder->get(Array)
#9 /customers/f/2/a/homchf.one/httpd.www/app/Http/Controllers/UserApiController.php(1034): Illuminate\\Database\\Eloquent\\Builder->first(Array)
#10 /customers/f/2/a/homchf.one/httpd.www/vendor/laravel/framework/src/Illuminate/Routing/Controller.php(54): App\\Http\\Controllers\\UserApiController->apiSingleOrder('88')
#11 /customers/f/2/a/homchf.one/httpd.www/vendor/laravel/framework/src/Illuminate/Routing/ControllerDispatcher.php(45): Illuminate\\Routing\\Controller->callAction('apiSingleOrder', Array)
#12 /customers/f/2/a/homchf.one/httpd.www/vendor/laravel/framework/src/Illuminate/Routing/Route.php(254): Illuminate\\Routing\\ControllerDispatcher->dispatch(Object(Illuminate\\Routing\\Route), Object(App\\Http\\Controllers\\UserApiController), 'apiSingleOrder')
#13 /customers/f/2/a/homchf.one/httpd.www/vendor/laravel/framework/src/Illuminate/Routing/Route.php(197): Illuminate\\Routing\\Route->runController()
#14 /customers/f/2/a/homchf.one/httpd.www/vendor/laravel/framework/src/Illuminate/Routing/Router.php(695): Illuminate\\Routing\\Route->run()
#15 /customers/f/2/a/homchf.one/httpd.www/vendor/laravel/framework/src/Illuminate/Pipeline/Pipeline.php(128): Illuminate\\Routing\\Router->Illuminate\\Routing\\{closure}(Object(Illuminate\\Http\\Request))
#16 /customers/f/2/a/homchf.one/httpd.www/vendor/laravel/framework/src/Illuminate/Routing/Middleware/SubstituteBindings.php(50): Illuminate\\Pipeline\\Pipeline->Illuminate\\Pipeline\\{closure}(Object(Illuminate\\Http\\Request))
#17 /customers/f/2/a/homchf.one/httpd.www/vendor/laravel/framework/src/Illuminate/Pipeline/Pipeline.php(167): Illuminate\\Routing\\Middleware\\SubstituteBindings->handle(Object(Illuminate\\Http\\Request), Object(Closure))
#18 /customers/f/2/a/homchf.one/httpd.www/vendor/laravel/framework/src/Illuminate/Auth/Middleware/Authenticate.php(44): Illuminate\\Pipeline\\Pipeline->Illuminate\\Pipeline\\{closure}(Object(Illuminate\\Http\\Request))
#19 /customers/f/2/a/homchf.one/httpd.www/vendor/laravel/framework/src/Illuminate/Pipeline/Pipeline.php(167): Illuminate\\Auth\\Middleware\\Authenticate->handle(Object(Illuminate\\Http\\Request), Object(Closure), 'api')
#20 /customers/f/2/a/homchf.one/httpd.www/vendor/laravel/framework/src/Illuminate/Pipeline/Pipeline.php(103): Illuminate\\Pipeline\\Pipeline->Illuminate\\Pipeline\\{closure}(Object(Illuminate\\Http\\Request))
#21 /customers/f/2/a/homchf.one/httpd.www/vendor/laravel/framework/src/Illuminate/Routing/Router.php(697): Illuminate\\Pipeline\\Pipeline->then(Object(Closure))
#22 /customers/f/2/a/homchf.one/httpd.www/vendor/laravel/framework/src/Illuminate/Routing/Router.php(672): Illuminate\\Routing\\Router->runRouteWithinStack(Object(Illuminate\\Routing\\Route), Object(Illuminate\\Http\\Request))
#23 /customers/f/2/a/homchf.one/httpd.www/vendor/laravel/framework/src/Illuminate/Routing/Router.php(636): Illuminate\\Routing\\Router->runRoute(Object(Illuminate\\Http\\Request), Object(Illuminate\\Routing\\Route))
#24 /customers/f/2/a/homchf.one/httpd.www/vendor/laravel/framework/src/Illuminate/Routing/Router.php(625): Illuminate\\Routing\\Router->dispatchToRoute(Object(Illuminate\\Http\\Request))
#25 /customers/f/2/a/homchf.one/httpd.www/vendor/laravel/framework/src/Illuminate/Foundation/Http/Kernel.php(166): Illuminate\\Routing\\Router->dispatch(Object(Illuminate\\Http\\Request))
#26 /customers/f/2/a/homchf.one/httpd.www/vendor/laravel/framework/src/Illuminate/Pipeline/Pipeline.php(128): Illuminate\\Foundation\\Http\\Kernel->Illuminate\\Foundation\\Http\\{closure}(Object(Illuminate\\Http\\Request))
#27 /customers/f/2/a/homchf.one/httpd.www/vendor/laravel/framework/src/Illuminate/Foundation/Http/Middleware/TransformsRequest.php(21): Illuminate\\Pipeline\\Pipeline->Illuminate\\Pipeline\\{closure}(Object(Illuminate\\Http\\Request))
#28 /customers/f/2/a/homchf.one/httpd.www/vendor/laravel/framework/src/Illuminate/Foundation/Http/Middleware/ConvertEmptyStringsToNull.php(31): Illuminate\\Foundation\\Http\\Middleware\\TransformsRequest->handle(Object(Illuminate\\Http\\Request), Object(Closure))
#29 /customers/f/2/a/homchf.one/httpd.www/vendor/laravel/framework/src/Illuminate/Pipeline/Pipeline.php(167): Illuminate\\Foundation\\Http\\Middleware\\ConvertEmptyStringsToNull->handle(Object(Illuminate\\Http\\Request), Object(Closure))
#30 /customers/f/2/a/homchf.one/httpd.www/vendor/laravel/framework/src/Illuminate/Foundation/Http/Middleware/TransformsRequest.php(21): Illuminate\\Pipeline\\Pipeline->Illuminate\\Pipeline\\{closure}(Object(Illuminate\\Http\\Request))
#31 /customers/f/2/a/homchf.one/httpd.www/vendor/laravel/framework/src/Illuminate/Foundation/Http/Middleware/TrimStrings.php(40): Illuminate\\Foundation\\Http\\Middleware\\TransformsRequest->handle(Object(Illuminate\\Http\\Request), Object(Closure))
#32 /customers/f/2/a/homchf.one/httpd.www/vendor/laravel/framework/src/Illuminate/Pipeline/Pipeline.php(167): Illuminate\\Foundation\\Http\\Middleware\\TrimStrings->handle(Object(Illuminate\\Http\\Request), Object(Closure))
#33 /customers/f/2/a/homchf.one/httpd.www/vendor/laravel/framework/src/Illuminate/Foundation/Http/Middleware/ValidatePostSize.php(27): Illuminate\\Pipeline\\Pipeline->Illuminate\\Pipeline\\{closure}(Object(Illuminate\\Http\\Request))
#34 /customers/f/2/a/homchf.one/httpd.www/vendor/laravel/framework/src/Illuminate/Pipeline/Pipeline.php(167): Illuminate\\Foundation\\Http\\Middleware\\ValidatePostSize->handle(Object(Illuminate\\Http\\Request), Object(Closure))
#35 /customers/f/2/a/homchf.one/httpd.www/vendor/laravel/framework/src/Illuminate/Foundation/Http/Middleware/PreventRequestsDuringMaintenance.php(86): Illuminate\\Pipeline\\Pipeline->Illuminate\\Pipeline\\{closure}(Object(Illuminate\\Http\\Request))
#36 /customers/f/2/a/homchf.one/httpd.www/vendor/laravel/framework/src/Illuminate/Pipeline/Pipeline.php(167): Illuminate\\Foundation\\Http\\Middleware\\PreventRequestsDuringMaintenance->handle(Object(Illuminate\\Http\\Request), Object(Closure))
#37 /customers/f/2/a/homchf.one/httpd.www/vendor/fruitcake/laravel-cors/src/HandleCors.php(52): Illuminate\\Pipeline\\Pipeline->Illuminate\\Pipeline\\{closure}(Object(Illuminate\\Http\\Request))
#38 /customers/f/2/a/homchf.one/httpd.www/vendor/laravel/framework/src/Illuminate/Pipeline/Pipeline.php(167): Fruitcake\\Cors\\HandleCors->handle(Object(Illuminate\\Http\\Request), Object(Closure))
#39 /customers/f/2/a/homchf.one/httpd.www/vendor/fideloper/proxy/src/TrustProxies.php(57): Illuminate\\Pipeline\\Pipeline->Illuminate\\Pipeline\\{closure}(Object(Illuminate\\Http\\Request))
#40 /customers/f/2/a/homchf.one/httpd.www/vendor/laravel/framework/src/Illuminate/Pipeline/Pipeline.php(167): Fideloper\\Proxy\\TrustProxies->handle(Object(Illuminate\\Http\\Request), Object(Closure))
#41 /customers/f/2/a/homchf.one/httpd.www/vendor/laravel/framework/src/Illuminate/Pipeline/Pipeline.php(103): Illuminate\\Pipeline\\Pipeline->Illuminate\\Pipeline\\{closure}(Object(Illuminate\\Http\\Request))
#42 /customers/f/2/a/homchf.one/httpd.www/vendor/laravel/framework/src/Illuminate/Foundation/Http/Kernel.php(141): Illuminate\\Pipeline\\Pipeline->then(Object(Closure))
#43 /customers/f/2/a/homchf.one/httpd.www/vendor/laravel/framework/src/Illuminate/Foundation/Http/Kernel.php(110): Illuminate\\Foundation\\Http\\Kernel->sendRequestThroughRouter(Object(Illuminate\\Http\\Request))
#44 /customers/f/2/a/homchf.one/httpd.www/public/index.php(52): Illuminate\\Foundation\\Http\\Kernel->handle(Object(Illuminate\\Http\\Request))
#45 {main}

[previous exception] [object] (PDOException(code: 42S22): SQLSTATE[42S22]: Column not found: 1054 Unknown column 'contact' in 'field list' at /customers/f/2/a/homchf.one/httpd.www/vendor/laravel/framework/src/Illuminate/Database/Connection.php:345)
[stacktrace]
#0 /customers/f/2/a/homchf.one/httpd.www/vendor/laravel/framework/src/Illuminate/Database/Connection.php(345): PDO->prepare('select `id`, `o...')
#1 /customers/f/2/a/homchf.one/httpd.www/vendor/laravel/framework/src/Illuminate/Database/Connection.php(678): Illuminate\\Database\\Connection->Illuminate\\Database\\{closure}('select `id`, `o...', Array)
#2 /customers/f/2/a/homchf.one/httpd.www/vendor/laravel/framework/src/Illuminate/Database/Connection.php(645): Illuminate\\Database\\Connection->runQueryCallback('select `id`, `o...', Array, Object(Closure))
#3 /customers/f/2/a/homchf.one/httpd.www/vendor/laravel/framework/src/Illuminate/Database/Connection.php(353): Illuminate\\Database\\Connection->run('select `id`, `o...', Array, Object(Closure))
#4 /customers/f/2/a/homchf.one/httpd.www/vendor/laravel/framework/src/Illuminate/Database/Query/Builder.php(2351): Illuminate\\Database\\Connection->select('select `id`, `o...', Array, true)
#5 /customers/f/2/a/homchf.one/httpd.www/vendor/laravel/framework/src/Illuminate/Database/Query/Builder.php(2339): Illuminate\\Database\\Query\\Builder->runSelect()
#6 /customers/f/2/a/homchf.one/httpd.www/vendor/laravel/framework/src/Illuminate/Database/Query/Builder.php(2905): Illuminate\\Database\\Query\\Builder->Illuminate\\Database\\Query\\{closure}()
#7 /customers/f/2/a/homchf.one/httpd.www/vendor/laravel/framework/src/Illuminate/Database/Query/Builder.php(2340): Illuminate\\Database\\Query\\Builder->onceWithColumns(Array, Object(Closure))
#8 /customers/f/2/a/homchf.one/httpd.www/vendor/laravel/framework/src/Illuminate/Database/Eloquent/Builder.php(604): Illuminate\\Database\\Query\\Builder->get(Array)
#9 /customers/f/2/a/homchf.one/httpd.www/vendor/laravel/framework/src/Illuminate/Database/Eloquent/Builder.php(588): Illuminate\\Database\\Eloquent\\Builder->getModels(Array)
#10 /customers/f/2/a/homchf.one/httpd.www/vendor/laravel/framework/src/Illuminate/Database/Concerns/BuildsQueries.php(257): Illuminate\\Database\\Eloquent\\Builder->get(Array)
#11 /customers/f/2/a/homchf.one/httpd.www/app/Http/Controllers/UserApiController.php(1034): Illuminate\\Database\\Eloquent\\Builder->first(Array)
#12 /customers/f/2/a/homchf.one/httpd.www/vendor/laravel/framework/src/Illuminate/Routing/Controller.php(54): App\\Http\\Controllers\\UserApiController->apiSingleOrder('88')
#13 /customers/f/2/a/homchf.one/httpd.www/vendor/laravel/framework/src/Illuminate/Routing/ControllerDispatcher.php(45): Illuminate\\Routing\\Controller->callAction('apiSingleOrder', Array)
#14 /customers/f/2/a/homchf.one/httpd.www/vendor/laravel/framework/src/Illuminate/Routing/Route.php(254): Illuminate\\Routing\\ControllerDispatcher->dispatch(Object(Illuminate\\Routing\\Route), Object(App\\Http\\Controllers\\UserApiController), 'apiSingleOrder')
#15 /customers/f/2/a/homchf.one/httpd.www/vendor/laravel/framework/src/Illuminate/Routing/Route.php(197): Illuminate\\Routing\\Route->runController()
#16 /customers/f/2/a/homchf.one/httpd.www/vendor/laravel/framework/src/Illuminate/Routing/Router.php(695): Illuminate\\Routing\\Route->run()
#17 /customers/f/2/a/homchf.one/httpd.www/vendor/laravel/framework/src/Illuminate/Pipeline/Pipeline.php(128): Illuminate\\Routing\\Router->Illuminate\\Routing\\{closure}(Object(Illuminate\\Http\\Request))
#18 /customers/f/2/a/homchf.one/httpd.www/vendor/laravel/framework/src/Illuminate/Routing/Middleware/SubstituteBindings.php(50): Illuminate\\Pipeline\\Pipeline->Illuminate\\Pipeline\\{closure}(Object(Illuminate\\Http\\Request))
#19 /customers/f/2/a/homchf.one/httpd.www/vendor/laravel/framework/src/Illuminate/Pipeline/Pipeline.php(167): Illuminate\\Routing\\Middleware\\SubstituteBindings->handle(Object(Illuminate\\Http\\Request), Object(Closure))
#20 /customers/f/2/a/homchf.one/httpd.www/vendor/laravel/framework/src/Illuminate/Auth/Middleware/Authenticate.php(44): Illuminate\\Pipeline\\Pipeline->Illuminate\\Pipeline\\{closure}(Object(Illuminate\\Http\\Request))
#21 /customers/f/2/a/homchf.one/httpd.www/vendor/laravel/framework/src/Illuminate/Pipeline/Pipeline.php(167): Illuminate\\Auth\\Middleware\\Authenticate->handle(Object(Illuminate\\Http\\Request), Object(Closure), 'api')
#22 /customers/f/2/a/homchf.one/httpd.www/vendor/laravel/framework/src/Illuminate/Pipeline/Pipeline.php(103): Illuminate\\Pipeline\\Pipeline->Illuminate\\Pipeline\\{closure}(Object(Illuminate\\Http\\Request))
#23 /customers/f/2/a/homchf.one/httpd.www/vendor/laravel/framework/src/Illuminate/Routing/Router.php(697): Illuminate\\Pipeline\\Pipeline->then(Object(Closure))
#24 /customers/f/2/a/homchf.one/httpd.www/vendor/laravel/framework/src/Illuminate/Routing/Router.php(672): Illuminate\\Routing\\Router->runRouteWithinStack(Object(Illuminate\\Routing\\Route), Object(Illuminate\\Http\\Request))
#25 /customers/f/2/a/homchf.one/httpd.www/vendor/laravel/framework/src/Illuminate/Routing/Router.php(636): Illuminate\\Routing\\Router->runRoute(Object(Illuminate\\Http\\Request), Object(Illuminate\\Routing\\Route))
#26 /customers/f/2/a/homchf.one/httpd.www/vendor/laravel/framework/src/Illuminate/Routing/Router.php(625): Illuminate\\Routing\\Router->dispatchToRoute(Object(Illuminate\\Http\\Request))
#27 /customers/f/2/a/homchf.one/httpd.www/vendor/laravel/framework/src/Illuminate/Foundation/Http/Kernel.php(166): Illuminate\\Routing\\Router->dispatch(Object(Illuminate\\Http\\Request))
#28 /customers/f/2/a/homchf.one/httpd.www/vendor/laravel/framework/src/Illuminate/Pipeline/Pipeline.php(128): Illuminate\\Foundation\\Http\\Kernel->Illuminate\\Foundation\\Http\\{closure}(Object(Illuminate\\Http\\Request))
#29 /customers/f/2/a/homchf.one/httpd.www/vendor/laravel/framework/src/Illuminate/Foundation/Http/Middleware/TransformsRequest.php(21): Illuminate\\Pipeline\\Pipeline->Illuminate\\Pipeline\\{closure}(Object(Illuminate\\Http\\Request))
#30 /customers/f/2/a/homchf.one/httpd.www/vendor/laravel/framework/src/Illuminate/Foundation/Http/Middleware/ConvertEmptyStringsToNull.php(31): Illuminate\\Foundation\\Http\\Middleware\\TransformsRequest->handle(Object(Illuminate\\Http\\Request), Object(Closure))
#31 /customers/f/2/a/homchf.one/httpd.www/vendor/laravel/framework/src/Illuminate/Pipeline/Pipeline.php(167): Illuminate\\Foundation\\Http\\Middleware\\ConvertEmptyStringsToNull->handle(Object(Illuminate\\Http\\Request), Object(Closure))
#32 /customers/f/2/a/homchf.one/httpd.www/vendor/laravel/framework/src/Illuminate/Foundation/Http/Middleware/TransformsRequest.php(21): Illuminate\\Pipeline\\Pipeline->Illuminate\\Pipeline\\{closure}(Object(Illuminate\\Http\\Request))
#33 /customers/f/2/a/homchf.one/httpd.www/vendor/laravel/framework/src/Illuminate/Foundation/Http/Middleware/TrimStrings.php(40): Illuminate\\Foundation\\Http\\Middleware\\TransformsRequest->handle(Object(Illuminate\\Http\\Request), Object(Closure))
#34 /customers/f/2/a/homchf.one/httpd.www/vendor/laravel/framework/src/Illuminate/Pipeline/Pipeline.php(167): Illuminate\\Foundation\\Http\\Middleware\\TrimStrings->handle(Object(Illuminate\\Http\\Request), Object(Closure))
#35 /customers/f/2/a/homchf.one/httpd.www/vendor/laravel/framework/src/Illuminate/Foundation/Http/Middleware/ValidatePostSize.php(27): Illuminate\\Pipeline\\Pipeline->Illuminate\\Pipeline\\{closure}(Object(Illuminate\\Http\\Request))
#36 /customers/f/2/a/homchf.one/httpd.www/vendor/laravel/framework/src/Illuminate/Pipeline/Pipeline.php(167): Illuminate\\Foundation\\Http\\Middleware\\ValidatePostSize->handle(Object(Illuminate\\Http\\Request), Object(Closure))
#37 /customers/f/2/a/homchf.one/httpd.www/vendor/laravel/framework/src/Illuminate/Foundation/Http/Middleware/PreventRequestsDuringMaintenance.php(86): Illuminate\\Pipeline\\Pipeline->Illuminate\\Pipeline\\{closure}(Object(Illuminate\\Http\\Request))
#38 /customers/f/2/a/homchf.one/httpd.www/vendor/laravel/framework/src/Illuminate/Pipeline/Pipeline.php(167): Illuminate\\Foundation\\Http\\Middleware\\PreventRequestsDuringMaintenance->handle(Object(Illuminate\\Http\\Request), Object(Closure))
#39 /customers/f/2/a/homchf.one/httpd.www/vendor/fruitcake/laravel-cors/src/HandleCors.php(52): Illuminate\\Pipeline\\Pipeline->Illuminate\\Pipeline\\{closure}(Object(Illuminate\\Http\\Request))
#40 /customers/f/2/a/homchf.one/httpd.www/vendor/laravel/framework/src/Illuminate/Pipeline/Pipeline.php(167): Fruitcake\\Cors\\HandleCors->handle(Object(Illuminate\\Http\\Request), Object(Closure))
#41 /customers/f/2/a/homchf.one/httpd.www/vendor/fideloper/proxy/src/TrustProxies.php(57): Illuminate\\Pipeline\\Pipeline->Illuminate\\Pipeline\\{closure}(Object(Illuminate\\Http\\Request))
#42 /customers/f/2/a/homchf.one/httpd.www/vendor/laravel/framework/src/Illuminate/Pipeline/Pipeline.php(167): Fideloper\\Proxy\\TrustProxies->handle(Object(Illuminate\\Http\\Request), Object(Closure))
#43 /customers/f/2/a/homchf.one/httpd.www/vendor/laravel/framework/src/Illuminate/Pipeline/Pipeline.php(103): Illuminate\\Pipeline\\Pipeline->Illuminate\\Pipeline\\{closure}(Object(Illuminate\\Http\\Request))
#44 /customers/f/2/a/homchf.one/httpd.www/vendor/laravel/framework/src/Illuminate/Foundation/Http/Kernel.php(141): Illuminate\\Pipeline\\Pipeline->then(Object(Closure))
#45 /customers/f/2/a/homchf.one/httpd.www/vendor/laravel/framework/src/Illuminate/Foundation/Http/Kernel.php(110): Illuminate\\Foundation\\Http\\Kernel->sendRequestThroughRouter(Object(Illuminate\\Http\\Request))
#46 /customers/f/2/a/homchf.one/httpd.www/public/index.php(52): Illuminate\\Foundation\\Http\\Kernel->handle(Object(Illuminate\\Http\\Request))
#47 {main}
"} 
