[2022-06-03 08:13:46] production.ERROR: include(/Users/wbr/Sites/homchf_app/vendor/composer/../laravel/framework/src/Illuminate/Database/DatabaseServiceProvider.php): failed to open stream: No such file or directory {"exception":"[object] (ErrorException(code: 0): include(/Users/wbr/Sites/homchf_app/vendor/composer/../laravel/framework/src/Illuminate/Database/DatabaseServiceProvider.php): failed to open stream: No such file or directory at /Users/wbr/Sites/homchf_app/vendor/composer/ClassLoader.php:571)
[stacktrace]
#0 /Users/wbr/Sites/homchf_app/vendor/composer/ClassLoader.php(571): Illuminate\\Foundation\\Bootstrap\\HandleExceptions->handleError(2, 'include(/Users/...', '/Users/wbr/Site...', 571, Array)
#1 /Users/wbr/Sites/homchf_app/vendor/composer/ClassLoader.php(571): include()
#2 /Users/wbr/Sites/homchf_app/vendor/composer/ClassLoader.php(428): Composer\\Autoload\\includeFile('/Users/wbr/Site...')
#3 [internal function]: Composer\\Autoload\\ClassLoader->loadClass('Illuminate\\\\Data...')
#4 /Users/wbr/Sites/homchf_app/vendor/laravel/framework/src/Illuminate/Foundation/Application.php(735): spl_autoload_call('Illuminate\\\\Data...')
#5 /Users/wbr/Sites/homchf_app/vendor/laravel/framework/src/Illuminate/Foundation/Application.php(669): Illuminate\\Foundation\\Application->resolveProvider('Illuminate\\\\Data...')
#6 /Users/wbr/Sites/homchf_app/vendor/laravel/framework/src/Illuminate/Foundation/ProviderRepository.php(75): Illuminate\\Foundation\\Application->register('Illuminate\\\\Data...')
#7 /Users/wbr/Sites/homchf_app/vendor/laravel/framework/src/Illuminate/Foundation/Application.php(649): Illuminate\\Foundation\\ProviderRepository->load(Array)
#8 /Users/wbr/Sites/homchf_app/vendor/laravel/framework/src/Illuminate/Foundation/Bootstrap/RegisterProviders.php(17): Illuminate\\Foundation\\Application->registerConfiguredProviders()
#9 /Users/wbr/Sites/homchf_app/vendor/laravel/framework/src/Illuminate/Foundation/Application.php(237): Illuminate\\Foundation\\Bootstrap\\RegisterProviders->bootstrap(Object(Illuminate\\Foundation\\Application))
#10 /Users/wbr/Sites/homchf_app/vendor/laravel/framework/src/Illuminate/Foundation/Http/Kernel.php(152): Illuminate\\Foundation\\Application->bootstrapWith(Array)
#11 /Users/wbr/Sites/homchf_app/vendor/laravel/framework/src/Illuminate/Foundation/Http/Kernel.php(136): Illuminate\\Foundation\\Http\\Kernel->bootstrap()
#12 /Users/wbr/Sites/homchf_app/vendor/laravel/framework/src/Illuminate/Foundation/Http/Kernel.php(110): Illuminate\\Foundation\\Http\\Kernel->sendRequestThroughRouter(Object(Illuminate\\Http\\Request))
#13 /Users/wbr/Sites/homchf_app/public/index.php(52): Illuminate\\Foundation\\Http\\Kernel->handle(Object(Illuminate\\Http\\Request))
#14 /Users/wbr/.composer/vendor/laravel/valet/server.php(234): require('/Users/wbr/Site...')
#15 {main}
"} 
[2022-06-03 13:10:45] production.ERROR: include(/Users/wbr/Sites/homchf_app/vendor/composer/../laravel/framework/src/Illuminate/Database/DatabaseServiceProvider.php): failed to open stream: No such file or directory {"exception":"[object] (ErrorException(code: 0): include(/Users/wbr/Sites/homchf_app/vendor/composer/../laravel/framework/src/Illuminate/Database/DatabaseServiceProvider.php): failed to open stream: No such file or directory at /Users/wbr/Sites/homchf_app/vendor/composer/ClassLoader.php:571)
[stacktrace]
#0 /Users/wbr/Sites/homchf_app/vendor/composer/ClassLoader.php(571): Illuminate\\Foundation\\Bootstrap\\HandleExceptions->handleError(2, 'include(/Users/...', '/Users/wbr/Site...', 571, Array)
#1 /Users/wbr/Sites/homchf_app/vendor/composer/ClassLoader.php(571): include()
#2 /Users/wbr/Sites/homchf_app/vendor/composer/ClassLoader.php(428): Composer\\Autoload\\includeFile('/Users/wbr/Site...')
#3 [internal function]: Composer\\Autoload\\ClassLoader->loadClass('Illuminate\\\\Data...')
#4 /Users/wbr/Sites/homchf_app/vendor/laravel/framework/src/Illuminate/Foundation/Application.php(735): spl_autoload_call('Illuminate\\\\Data...')
#5 /Users/wbr/Sites/homchf_app/vendor/laravel/framework/src/Illuminate/Foundation/Application.php(669): Illuminate\\Foundation\\Application->resolveProvider('Illuminate\\\\Data...')
#6 /Users/wbr/Sites/homchf_app/vendor/laravel/framework/src/Illuminate/Foundation/ProviderRepository.php(75): Illuminate\\Foundation\\Application->register('Illuminate\\\\Data...')
#7 /Users/wbr/Sites/homchf_app/vendor/laravel/framework/src/Illuminate/Foundation/Application.php(649): Illuminate\\Foundation\\ProviderRepository->load(Array)
#8 /Users/wbr/Sites/homchf_app/vendor/laravel/framework/src/Illuminate/Foundation/Bootstrap/RegisterProviders.php(17): Illuminate\\Foundation\\Application->registerConfiguredProviders()
#9 /Users/wbr/Sites/homchf_app/vendor/laravel/framework/src/Illuminate/Foundation/Application.php(237): Illuminate\\Foundation\\Bootstrap\\RegisterProviders->bootstrap(Object(Illuminate\\Foundation\\Application))
#10 /Users/wbr/Sites/homchf_app/vendor/laravel/framework/src/Illuminate/Foundation/Http/Kernel.php(152): Illuminate\\Foundation\\Application->bootstrapWith(Array)
#11 /Users/wbr/Sites/homchf_app/vendor/laravel/framework/src/Illuminate/Foundation/Http/Kernel.php(136): Illuminate\\Foundation\\Http\\Kernel->bootstrap()
#12 /Users/wbr/Sites/homchf_app/vendor/laravel/framework/src/Illuminate/Foundation/Http/Kernel.php(110): Illuminate\\Foundation\\Http\\Kernel->sendRequestThroughRouter(Object(Illuminate\\Http\\Request))
#13 /Users/wbr/Sites/homchf_app/public/index.php(52): Illuminate\\Foundation\\Http\\Kernel->handle(Object(Illuminate\\Http\\Request))
#14 /Users/wbr/.composer/vendor/laravel/valet/server.php(234): require('/Users/wbr/Site...')
#15 {main}
"} 
[2022-06-03 15:13:24] production.ERROR: include(/Users/wbr/Sites/homchf_app/vendor/composer/../laravel/framework/src/Illuminate/Database/DatabaseServiceProvider.php): failed to open stream: No such file or directory {"exception":"[object] (ErrorException(code: 0): include(/Users/wbr/Sites/homchf_app/vendor/composer/../laravel/framework/src/Illuminate/Database/DatabaseServiceProvider.php): failed to open stream: No such file or directory at /Users/wbr/Sites/homchf_app/vendor/composer/ClassLoader.php:571)
[stacktrace]
#0 /Users/wbr/Sites/homchf_app/vendor/composer/ClassLoader.php(571): Illuminate\\Foundation\\Bootstrap\\HandleExceptions->handleError(2, 'include(/Users/...', '/Users/wbr/Site...', 571, Array)
#1 /Users/wbr/Sites/homchf_app/vendor/composer/ClassLoader.php(571): include()
#2 /Users/wbr/Sites/homchf_app/vendor/composer/ClassLoader.php(428): Composer\\Autoload\\includeFile('/Users/wbr/Site...')
#3 [internal function]: Composer\\Autoload\\ClassLoader->loadClass('Illuminate\\\\Data...')
#4 /Users/wbr/Sites/homchf_app/vendor/laravel/framework/src/Illuminate/Foundation/Application.php(735): spl_autoload_call('Illuminate\\\\Data...')
#5 /Users/wbr/Sites/homchf_app/vendor/laravel/framework/src/Illuminate/Foundation/Application.php(669): Illuminate\\Foundation\\Application->resolveProvider('Illuminate\\\\Data...')
#6 /Users/wbr/Sites/homchf_app/vendor/laravel/framework/src/Illuminate/Foundation/ProviderRepository.php(75): Illuminate\\Foundation\\Application->register('Illuminate\\\\Data...')
#7 /Users/wbr/Sites/homchf_app/vendor/laravel/framework/src/Illuminate/Foundation/Application.php(649): Illuminate\\Foundation\\ProviderRepository->load(Array)
#8 /Users/wbr/Sites/homchf_app/vendor/laravel/framework/src/Illuminate/Foundation/Bootstrap/RegisterProviders.php(17): Illuminate\\Foundation\\Application->registerConfiguredProviders()
#9 /Users/wbr/Sites/homchf_app/vendor/laravel/framework/src/Illuminate/Foundation/Application.php(237): Illuminate\\Foundation\\Bootstrap\\RegisterProviders->bootstrap(Object(Illuminate\\Foundation\\Application))
#10 /Users/wbr/Sites/homchf_app/vendor/laravel/framework/src/Illuminate/Foundation/Http/Kernel.php(152): Illuminate\\Foundation\\Application->bootstrapWith(Array)
#11 /Users/wbr/Sites/homchf_app/vendor/laravel/framework/src/Illuminate/Foundation/Http/Kernel.php(136): Illuminate\\Foundation\\Http\\Kernel->bootstrap()
#12 /Users/wbr/Sites/homchf_app/vendor/laravel/framework/src/Illuminate/Foundation/Http/Kernel.php(110): Illuminate\\Foundation\\Http\\Kernel->sendRequestThroughRouter(Object(Illuminate\\Http\\Request))
#13 /Users/wbr/Sites/homchf_app/public/index.php(52): Illuminate\\Foundation\\Http\\Kernel->handle(Object(Illuminate\\Http\\Request))
#14 /Users/wbr/.composer/vendor/laravel/valet/server.php(234): require('/Users/wbr/Site...')
#15 {main}
"} 
